C:\FHWAC++\GPS_IMU_SIMULATOR_V146\GPS_IMU_SIMULATOR\SIMULATOR\SIMULATOR\DEBUG\CPROCESSING.OBJ
C:\FHWAC++\GPS_IMU_SIMULATOR_V146\GPS_IMU_SIMULATOR\SIMULATOR\SIMULATOR\DEBUG\CPREPROCESSING.OBJ
C:\FHWAC++\GPS_IMU_SIMULATOR_V146\GPS_IMU_SIMULATOR\SIMULATOR\SIMULATOR\DEBUG\CPOSVELCALC.OBJ
C:\FHWAC++\GPS_IMU_SIMULATOR_V146\GPS_IMU_SIMULATOR\SIMULATOR\SIMULATOR\DEBUG\CORIENTATIONCALC.OBJ
C:\FHWAC++\GPS_IMU_SIMULATOR_V146\GPS_IMU_SIMULATOR\SIMULATOR\SIMULATOR\DEBUG\CMATRIX.OBJ
C:\FHWAC++\GPS_IMU_SIMULATOR_V146\GPS_IMU_SIMULATOR\SIMULATOR\SIMULATOR\DEBUG\CSTATEMODEL.OBJ
C:\FHWAC++\GPS_IMU_SIMULATOR_V146\GPS_IMU_SIMULATOR\SIMULATOR\SIMULATOR\DEBUG\COBSERVATIONMODEL.OBJ
C:\FHWAC++\GPS_IMU_SIMULATOR_V146\GPS_IMU_SIMULATOR\SIMULATOR\SIMULATOR\DEBUG\CKALMANFILTER.OBJ
C:\FHWAC++\GPS_IMU_SIMULATOR_V146\GPS_IMU_SIMULATOR\SIMULATOR\SIMULATOR\DEBUG\CIMUPROCESSING.OBJ
C:\FHWAC++\GPS_IMU_SIMULATOR_V146\GPS_IMU_SIMULATOR\SIMULATOR\SIMULATOR\DEBUG\CIMUERRORGENERATOR.OBJ
C:\FHWAC++\GPS_IMU_SIMULATOR_V146\GPS_IMU_SIMULATOR\SIMULATOR\SIMULATOR\DEBUG\CGPSERRORGENERATOR.OBJ
C:\FHWAC++\GPS_IMU_SIMULATOR_V146\GPS_IMU_SIMULATOR\SIMULATOR\SIMULATOR\DEBUG\CFILEMANAGER.OBJ
C:\FHWAC++\GPS_IMU_SIMULATOR_V146\GPS_IMU_SIMULATOR\SIMULATOR\SIMULATOR\DEBUG\CERRORFREEGYRO.OBJ
C:\FHWAC++\GPS_IMU_SIMULATOR_V146\GPS_IMU_SIMULATOR\SIMULATOR\SIMULATOR\DEBUG\CERRORFREEACCELEROMETER.OBJ
C:\FHWAC++\GPS_IMU_SIMULATOR_V146\GPS_IMU_SIMULATOR\SIMULATOR\SIMULATOR\DEBUG\CCONVERSION.OBJ
C:\FHWAC++\GPS_IMU_SIMULATOR_V146\GPS_IMU_SIMULATOR\SIMULATOR\SIMULATOR\DEBUG\CCONFIG.OBJ
C:\FHWAC++\GPS_IMU_SIMULATOR_V146\GPS_IMU_SIMULATOR\SIMULATOR\SIMULATOR\DEBUG\CANGULARRATECALC.OBJ
C:\FHWAC++\GPS_IMU_SIMULATOR_V146\GPS_IMU_SIMULATOR\SIMULATOR\SIMULATOR\DEBUG\CEXPORTTRAJECTORY.OBJ
C:\FHWAC++\GPS_IMU_SIMULATOR_V146\GPS_IMU_SIMULATOR\SIMULATOR\SIMULATOR\DEBUG\CESTIMATEDERRORCORRECTION.OBJ
C:\FHWAC++\GPS_IMU_SIMULATOR_V146\GPS_IMU_SIMULATOR\SIMULATOR\SIMULATOR\DEBUG\CACCVELCALC.OBJ
C:\FHWAC++\GPS_IMU_SIMULATOR_V146\GPS_IMU_SIMULATOR\SIMULATOR\SIMULATOR\DEBUG\SIMULATOR.OBJ
C:\FHWAC++\GPS_IMU_SIMULATOR_V146\GPS_IMU_SIMULATOR\SIMULATOR\SIMULATOR\DEBUG\CVELPOSCALC.OBJ
C:\FHWAC++\GPS_IMU_SIMULATOR_V146\GPS_IMU_SIMULATOR\SIMULATOR\SIMULATOR\DEBUG\CVELACCCALC.OBJ
C:\FHWAC++\GPS_IMU_SIMULATOR_V146\GPS_IMU_SIMULATOR\SIMULATOR\SIMULATOR\DEBUG\CDISPLAYMATRIXELEMENTS.OBJ
C:\FHWAC++\GPS_IMU_SIMULATOR_V146\GPS_IMU_SIMULATOR\SIMULATOR\SIMULATOR\DEBUG\CREADTRAJECTORY.OBJ
C:\FHWAC++\GPS_IMU_SIMULATOR_V146\GPS_IMU_SIMULATOR\SIMULATOR\SIMULATOR\DEBUG\CEXPORTKFPARAM.OBJ
C:\FHWAC++\GPS_IMU_SIMULATOR_V146\GPS_IMU_SIMULATOR\SIMULATOR\SIMULATOR\DEBUG\CEXPORTIMUFILE.OBJ
C:\FHWAC++\GPS_IMU_SIMULATOR_V146\GPS_IMU_SIMULATOR\SIMULATOR\SIMULATOR\DEBUG\CEXPORTGPSFILE.OBJ
C:\FHWAC++\GPS_IMU_SIMULATOR_V146\GPS_IMU_SIMULATOR\SIMULATOR\SIMULATOR\DEBUG\VC110.PDB
C:\FHWAC++\GPS_IMU_SIMULATOR_V146\GPS_IMU_SIMULATOR\SIMULATOR\SIMULATOR\DEBUG\.NETFRAMEWORK,VERSION=V4.0.ASSEMBLYATTRIBUTES.OBJ
C:\FHWAC++\GPS_IMU_SIMULATOR_V147\GPS_IMU_SIMULATOR\SIMULATOR\SIMULATOR\DEBUG\CPREPROCESSING.OBJ
C:\FHWAC++\GPS_IMU_SIMULATOR_V147\GPS_IMU_SIMULATOR\SIMULATOR\SIMULATOR\DEBUG\CPOSVELCALC.OBJ
C:\FHWAC++\GPS_IMU_SIMULATOR_V147\GPS_IMU_SIMULATOR\SIMULATOR\SIMULATOR\DEBUG\CORIENTATIONCALC.OBJ
C:\FHWAC++\GPS_IMU_SIMULATOR_V147\GPS_IMU_SIMULATOR\SIMULATOR\SIMULATOR\DEBUG\CMATRIX.OBJ
C:\FHWAC++\GPS_IMU_SIMULATOR_V147\GPS_IMU_SIMULATOR\SIMULATOR\SIMULATOR\DEBUG\CSTATEMODEL.OBJ
C:\FHWAC++\GPS_IMU_SIMULATOR_V147\GPS_IMU_SIMULATOR\SIMULATOR\SIMULATOR\DEBUG\COBSERVATIONMODEL.OBJ
C:\FHWAC++\GPS_IMU_SIMULATOR_V147\GPS_IMU_SIMULATOR\SIMULATOR\SIMULATOR\DEBUG\CKALMANFILTER.OBJ
C:\FHWAC++\GPS_IMU_SIMULATOR_V147\GPS_IMU_SIMULATOR\SIMULATOR\SIMULATOR\DEBUG\CIMUPROCESSING.OBJ
C:\FHWAC++\GPS_IMU_SIMULATOR_V147\GPS_IMU_SIMULATOR\SIMULATOR\SIMULATOR\DEBUG\CIMUERRORGENERATOR.OBJ
C:\FHWAC++\GPS_IMU_SIMULATOR_V147\GPS_IMU_SIMULATOR\SIMULATOR\SIMULATOR\DEBUG\CGPSERRORGENERATOR.OBJ
C:\FHWAC++\GPS_IMU_SIMULATOR_V147\GPS_IMU_SIMULATOR\SIMULATOR\SIMULATOR\DEBUG\CFILEMANAGER.OBJ
C:\FHWAC++\GPS_IMU_SIMULATOR_V147\GPS_IMU_SIMULATOR\SIMULATOR\SIMULATOR\DEBUG\CERRORFREEGYRO.OBJ
C:\FHWAC++\GPS_IMU_SIMULATOR_V147\GPS_IMU_SIMULATOR\SIMULATOR\SIMULATOR\DEBUG\CERRORFREEACCELEROMETER.OBJ
C:\FHWAC++\GPS_IMU_SIMULATOR_V147\GPS_IMU_SIMULATOR\SIMULATOR\SIMULATOR\DEBUG\CCONVERSION.OBJ
C:\FHWAC++\GPS_IMU_SIMULATOR_V147\GPS_IMU_SIMULATOR\SIMULATOR\SIMULATOR\DEBUG\CCONFIG.OBJ
C:\FHWAC++\GPS_IMU_SIMULATOR_V147\GPS_IMU_SIMULATOR\SIMULATOR\SIMULATOR\DEBUG\CANGULARRATECALC.OBJ
C:\FHWAC++\GPS_IMU_SIMULATOR_V147\GPS_IMU_SIMULATOR\SIMULATOR\SIMULATOR\DEBUG\CEXPORTTRAJECTORY.OBJ
C:\FHWAC++\GPS_IMU_SIMULATOR_V147\GPS_IMU_SIMULATOR\SIMULATOR\SIMULATOR\DEBUG\CESTIMATEDERRORCORRECTION.OBJ
C:\FHWAC++\GPS_IMU_SIMULATOR_V147\GPS_IMU_SIMULATOR\SIMULATOR\SIMULATOR\DEBUG\CACCVELCALC.OBJ
C:\FHWAC++\GPS_IMU_SIMULATOR_V147\GPS_IMU_SIMULATOR\SIMULATOR\SIMULATOR\DEBUG\SIMULATOR.OBJ
C:\FHWAC++\GPS_IMU_SIMULATOR_V147\GPS_IMU_SIMULATOR\SIMULATOR\SIMULATOR\DEBUG\CVELPOSCALC.OBJ
C:\FHWAC++\GPS_IMU_SIMULATOR_V147\GPS_IMU_SIMULATOR\SIMULATOR\SIMULATOR\DEBUG\CVELACCCALC.OBJ
C:\FHWAC++\GPS_IMU_SIMULATOR_V147\GPS_IMU_SIMULATOR\SIMULATOR\SIMULATOR\DEBUG\CDISPLAYMATRIXELEMENTS.OBJ
C:\FHWAC++\GPS_IMU_SIMULATOR_V147\GPS_IMU_SIMULATOR\SIMULATOR\SIMULATOR\DEBUG\CREADTRAJECTORY.OBJ
C:\FHWAC++\GPS_IMU_SIMULATOR_V147\GPS_IMU_SIMULATOR\SIMULATOR\SIMULATOR\DEBUG\CEXPORTKFPARAM.OBJ
C:\FHWAC++\GPS_IMU_SIMULATOR_V147\GPS_IMU_SIMULATOR\SIMULATOR\SIMULATOR\DEBUG\CEXPORTIMUFILE.OBJ
C:\FHWAC++\GPS_IMU_SIMULATOR_V147\GPS_IMU_SIMULATOR\SIMULATOR\SIMULATOR\DEBUG\CEXPORTGPSFILE.OBJ
C:\FHWAC++\GPS_IMU_SIMULATOR_V147\GPS_IMU_SIMULATOR\SIMULATOR\SIMULATOR\DEBUG\CPROCESSING.OBJ
C:\FHWAC++\GPS_IMU_SIMULATOR_V147\GPS_IMU_SIMULATOR\SIMULATOR\SIMULATOR\DEBUG\CDOPCALCULATION.OBJ
C:\FHWAC++\GPS_IMU_SIMULATOR_V147\GPS_IMU_SIMULATOR\SIMULATOR\SIMULATOR\DEBUG\VC110.PDB
C:\FHWAC++\GPS_IMU_SIMULATOR_V146\GPS_IMU_SIMULATOR\SIMULATOR\DEBUG\SIMULATOR.ILK
C:\FHWAC++\GPS_IMU_SIMULATOR_V146\GPS_IMU_SIMULATOR\SIMULATOR\DEBUG\SIMULATOR.EXE
C:\FHWAC++\GPS_IMU_SIMULATOR_V146\GPS_IMU_SIMULATOR\SIMULATOR\DEBUG\SIMULATOR.PDB
C:\FHWAC++\GPS_IMU_SIMULATOR_V147\GPS_IMU_SIMULATOR\SIMULATOR\DEBUG\SIMULATOR.ILK
C:\FHWAC++\GPS_IMU_SIMULATOR_V147\GPS_IMU_SIMULATOR\SIMULATOR\DEBUG\SIMULATOR.EXE
C:\FHWAC++\GPS_IMU_SIMULATOR_V147\GPS_IMU_SIMULATOR\SIMULATOR\DEBUG\SIMULATOR.PDB
C:\FHWAC++\GPS_IMU_Simulator_v147\GPS_IMU_Simulator\Simulator\Simulator\Debug\Simulator.vcxprojResolveAssemblyReference.cache
C:\FHWAC++\GPS_IMU_Simulator_v147\GPS_IMU_Simulator\Simulator\Simulator\Debug\.NETFramework,Version=v4.0.AssemblyAttributes.obj
C:\FHWAC++\GPS_IMU_Simulator_v147\GPS_IMU_Simulator\Simulator\Simulator\Debug\CAccVelCalc.obj
C:\FHWAC++\GPS_IMU_Simulator_v147\GPS_IMU_Simulator\Simulator\Simulator\Debug\CAngularRateCalc.obj
C:\FHWAC++\GPS_IMU_Simulator_v147\GPS_IMU_Simulator\Simulator\Simulator\Debug\CConfig.obj
C:\FHWAC++\GPS_IMU_Simulator_v147\GPS_IMU_Simulator\Simulator\Simulator\Debug\CConversion.obj
C:\FHWAC++\GPS_IMU_Simulator_v147\GPS_IMU_Simulator\Simulator\Simulator\Debug\CDisplayMatrixElements.obj
C:\FHWAC++\GPS_IMU_Simulator_v147\GPS_IMU_Simulator\Simulator\Simulator\Debug\CDOPCalculation.obj
C:\FHWAC++\GPS_IMU_Simulator_v147\GPS_IMU_Simulator\Simulator\Simulator\Debug\CErrorFreeAccelerometer.obj
C:\FHWAC++\GPS_IMU_Simulator_v147\GPS_IMU_Simulator\Simulator\Simulator\Debug\CErrorFreeGyro.obj
C:\FHWAC++\GPS_IMU_Simulator_v147\GPS_IMU_Simulator\Simulator\Simulator\Debug\CEstimatedErrorCorrection.obj
C:\FHWAC++\GPS_IMU_Simulator_v147\GPS_IMU_Simulator\Simulator\Simulator\Debug\CExportGPSFile.obj
C:\FHWAC++\GPS_IMU_Simulator_v147\GPS_IMU_Simulator\Simulator\Simulator\Debug\CExportIMUFile.obj
C:\FHWAC++\GPS_IMU_Simulator_v147\GPS_IMU_Simulator\Simulator\Simulator\Debug\CExportKFParam.obj
C:\FHWAC++\GPS_IMU_Simulator_v147\GPS_IMU_Simulator\Simulator\Simulator\Debug\CExportTrajectory.obj
C:\FHWAC++\GPS_IMU_Simulator_v147\GPS_IMU_Simulator\Simulator\Simulator\Debug\CFileManager.obj
C:\FHWAC++\GPS_IMU_Simulator_v147\GPS_IMU_Simulator\Simulator\Simulator\Debug\CGPSErrorGenerator.obj
C:\FHWAC++\GPS_IMU_Simulator_v147\GPS_IMU_Simulator\Simulator\Simulator\Debug\CIMUErrorGenerator.obj
C:\FHWAC++\GPS_IMU_Simulator_v147\GPS_IMU_Simulator\Simulator\Simulator\Debug\CIMUProcessing.obj
C:\FHWAC++\GPS_IMU_Simulator_v147\GPS_IMU_Simulator\Simulator\Simulator\Debug\CKalmanFilter.obj
C:\FHWAC++\GPS_IMU_Simulator_v147\GPS_IMU_Simulator\Simulator\Simulator\Debug\CMatrix.obj
C:\FHWAC++\GPS_IMU_Simulator_v147\GPS_IMU_Simulator\Simulator\Simulator\Debug\CObservationModel.obj
C:\FHWAC++\GPS_IMU_Simulator_v147\GPS_IMU_Simulator\Simulator\Simulator\Debug\COrientationCalc.obj
C:\FHWAC++\GPS_IMU_Simulator_v147\GPS_IMU_Simulator\Simulator\Simulator\Debug\CPosVelCalc.obj
C:\FHWAC++\GPS_IMU_Simulator_v147\GPS_IMU_Simulator\Simulator\Simulator\Debug\CPreProcessing.obj
C:\FHWAC++\GPS_IMU_Simulator_v147\GPS_IMU_Simulator\Simulator\Simulator\Debug\CProcessing.obj
C:\FHWAC++\GPS_IMU_Simulator_v147\GPS_IMU_Simulator\Simulator\Simulator\Debug\CReadTrajectory.obj
C:\FHWAC++\GPS_IMU_Simulator_v147\GPS_IMU_Simulator\Simulator\Simulator\Debug\CStateModel.obj
C:\FHWAC++\GPS_IMU_Simulator_v147\GPS_IMU_Simulator\Simulator\Simulator\Debug\CVelAccCalc.obj
C:\FHWAC++\GPS_IMU_Simulator_v147\GPS_IMU_Simulator\Simulator\Simulator\Debug\CVelPosCalc.obj
C:\FHWAC++\GPS_IMU_Simulator_v147\GPS_IMU_Simulator\Simulator\Simulator\Debug\Simulator.obj
C:\FHWAC++\GPS_IMU_Simulator_v147\GPS_IMU_Simulator\Simulator\Simulator\Debug\cl.command.1.tlog
C:\FHWAC++\GPS_IMU_Simulator_v147\GPS_IMU_Simulator\Simulator\Simulator\Debug\CL.read.1.tlog
C:\FHWAC++\GPS_IMU_Simulator_v147\GPS_IMU_Simulator\Simulator\Simulator\Debug\CL.write.1.tlog
C:\FHWAC++\GPS_IMU_Simulator_v147\GPS_IMU_Simulator\Simulator\Simulator\Debug\link.1096-cvtres.read.1.tlog
C:\FHWAC++\GPS_IMU_Simulator_v147\GPS_IMU_Simulator\Simulator\Simulator\Debug\link.1096-cvtres.write.1.tlog
C:\FHWAC++\GPS_IMU_Simulator_v147\GPS_IMU_Simulator\Simulator\Simulator\Debug\link.1096-rc.read.1.tlog
C:\FHWAC++\GPS_IMU_Simulator_v147\GPS_IMU_Simulator\Simulator\Simulator\Debug\link.1096-rc.write.1.tlog
C:\FHWAC++\GPS_IMU_Simulator_v147\GPS_IMU_Simulator\Simulator\Simulator\Debug\link.1096.read.1.tlog
C:\FHWAC++\GPS_IMU_Simulator_v147\GPS_IMU_Simulator\Simulator\Simulator\Debug\link.1096.write.1.tlog
C:\FHWAC++\GPS_IMU_Simulator_v147\GPS_IMU_Simulator\Simulator\Simulator\Debug\link.1180-cvtres.read.1.tlog
C:\FHWAC++\GPS_IMU_Simulator_v147\GPS_IMU_Simulator\Simulator\Simulator\Debug\link.1180-cvtres.write.1.tlog
C:\FHWAC++\GPS_IMU_Simulator_v147\GPS_IMU_Simulator\Simulator\Simulator\Debug\link.1180-rc.read.1.tlog
C:\FHWAC++\GPS_IMU_Simulator_v147\GPS_IMU_Simulator\Simulator\Simulator\Debug\link.1180-rc.write.1.tlog
C:\FHWAC++\GPS_IMU_Simulator_v147\GPS_IMU_Simulator\Simulator\Simulator\Debug\link.1180.read.1.tlog
C:\FHWAC++\GPS_IMU_Simulator_v147\GPS_IMU_Simulator\Simulator\Simulator\Debug\link.1180.write.1.tlog
C:\FHWAC++\GPS_IMU_Simulator_v147\GPS_IMU_Simulator\Simulator\Simulator\Debug\link.1184-cvtres.read.1.tlog
C:\FHWAC++\GPS_IMU_Simulator_v147\GPS_IMU_Simulator\Simulator\Simulator\Debug\link.1184-cvtres.write.1.tlog
C:\FHWAC++\GPS_IMU_Simulator_v147\GPS_IMU_Simulator\Simulator\Simulator\Debug\link.1184-rc.read.1.tlog
C:\FHWAC++\GPS_IMU_Simulator_v147\GPS_IMU_Simulator\Simulator\Simulator\Debug\link.1184-rc.write.1.tlog
C:\FHWAC++\GPS_IMU_Simulator_v147\GPS_IMU_Simulator\Simulator\Simulator\Debug\link.1184.read.1.tlog
C:\FHWAC++\GPS_IMU_Simulator_v147\GPS_IMU_Simulator\Simulator\Simulator\Debug\link.1184.write.1.tlog
C:\FHWAC++\GPS_IMU_Simulator_v147\GPS_IMU_Simulator\Simulator\Simulator\Debug\link.1624-cvtres.read.1.tlog
C:\FHWAC++\GPS_IMU_Simulator_v147\GPS_IMU_Simulator\Simulator\Simulator\Debug\link.1624-cvtres.write.1.tlog
C:\FHWAC++\GPS_IMU_Simulator_v147\GPS_IMU_Simulator\Simulator\Simulator\Debug\link.1624-rc.read.1.tlog
C:\FHWAC++\GPS_IMU_Simulator_v147\GPS_IMU_Simulator\Simulator\Simulator\Debug\link.1624-rc.write.1.tlog
C:\FHWAC++\GPS_IMU_Simulator_v147\GPS_IMU_Simulator\Simulator\Simulator\Debug\link.1624.read.1.tlog
C:\FHWAC++\GPS_IMU_Simulator_v147\GPS_IMU_Simulator\Simulator\Simulator\Debug\link.1624.write.1.tlog
C:\FHWAC++\GPS_IMU_Simulator_v147\GPS_IMU_Simulator\Simulator\Simulator\Debug\link.1652-cvtres.read.1.tlog
C:\FHWAC++\GPS_IMU_Simulator_v147\GPS_IMU_Simulator\Simulator\Simulator\Debug\link.1652-cvtres.write.1.tlog
C:\FHWAC++\GPS_IMU_Simulator_v147\GPS_IMU_Simulator\Simulator\Simulator\Debug\link.1652-rc.read.1.tlog
C:\FHWAC++\GPS_IMU_Simulator_v147\GPS_IMU_Simulator\Simulator\Simulator\Debug\link.1652-rc.write.1.tlog
C:\FHWAC++\GPS_IMU_Simulator_v147\GPS_IMU_Simulator\Simulator\Simulator\Debug\link.1652.read.1.tlog
C:\FHWAC++\GPS_IMU_Simulator_v147\GPS_IMU_Simulator\Simulator\Simulator\Debug\link.1652.write.1.tlog
C:\FHWAC++\GPS_IMU_Simulator_v147\GPS_IMU_Simulator\Simulator\Simulator\Debug\link.1660-cvtres.read.1.tlog
C:\FHWAC++\GPS_IMU_Simulator_v147\GPS_IMU_Simulator\Simulator\Simulator\Debug\link.1660-cvtres.write.1.tlog
C:\FHWAC++\GPS_IMU_Simulator_v147\GPS_IMU_Simulator\Simulator\Simulator\Debug\link.1660-rc.read.1.tlog
C:\FHWAC++\GPS_IMU_Simulator_v147\GPS_IMU_Simulator\Simulator\Simulator\Debug\link.1660-rc.write.1.tlog
C:\FHWAC++\GPS_IMU_Simulator_v147\GPS_IMU_Simulator\Simulator\Simulator\Debug\link.1660.read.1.tlog
C:\FHWAC++\GPS_IMU_Simulator_v147\GPS_IMU_Simulator\Simulator\Simulator\Debug\link.1660.write.1.tlog
C:\FHWAC++\GPS_IMU_Simulator_v147\GPS_IMU_Simulator\Simulator\Simulator\Debug\link.1792-cvtres.read.1.tlog
C:\FHWAC++\GPS_IMU_Simulator_v147\GPS_IMU_Simulator\Simulator\Simulator\Debug\link.1792-cvtres.write.1.tlog
C:\FHWAC++\GPS_IMU_Simulator_v147\GPS_IMU_Simulator\Simulator\Simulator\Debug\link.1792-rc.read.1.tlog
C:\FHWAC++\GPS_IMU_Simulator_v147\GPS_IMU_Simulator\Simulator\Simulator\Debug\link.1792-rc.write.1.tlog
C:\FHWAC++\GPS_IMU_Simulator_v147\GPS_IMU_Simulator\Simulator\Simulator\Debug\link.1792.read.1.tlog
C:\FHWAC++\GPS_IMU_Simulator_v147\GPS_IMU_Simulator\Simulator\Simulator\Debug\link.1792.write.1.tlog
C:\FHWAC++\GPS_IMU_Simulator_v147\GPS_IMU_Simulator\Simulator\Simulator\Debug\link.180-cvtres.read.1.tlog
C:\FHWAC++\GPS_IMU_Simulator_v147\GPS_IMU_Simulator\Simulator\Simulator\Debug\link.180-cvtres.write.1.tlog
C:\FHWAC++\GPS_IMU_Simulator_v147\GPS_IMU_Simulator\Simulator\Simulator\Debug\link.180-rc.read.1.tlog
C:\FHWAC++\GPS_IMU_Simulator_v147\GPS_IMU_Simulator\Simulator\Simulator\Debug\link.180-rc.write.1.tlog
C:\FHWAC++\GPS_IMU_Simulator_v147\GPS_IMU_Simulator\Simulator\Simulator\Debug\link.180.read.1.tlog
C:\FHWAC++\GPS_IMU_Simulator_v147\GPS_IMU_Simulator\Simulator\Simulator\Debug\link.180.write.1.tlog
C:\FHWAC++\GPS_IMU_Simulator_v147\GPS_IMU_Simulator\Simulator\Simulator\Debug\link.1888-cvtres.read.1.tlog
C:\FHWAC++\GPS_IMU_Simulator_v147\GPS_IMU_Simulator\Simulator\Simulator\Debug\link.1888-cvtres.write.1.tlog
C:\FHWAC++\GPS_IMU_Simulator_v147\GPS_IMU_Simulator\Simulator\Simulator\Debug\link.1888-rc.read.1.tlog
C:\FHWAC++\GPS_IMU_Simulator_v147\GPS_IMU_Simulator\Simulator\Simulator\Debug\link.1888-rc.write.1.tlog
C:\FHWAC++\GPS_IMU_Simulator_v147\GPS_IMU_Simulator\Simulator\Simulator\Debug\link.1888.read.1.tlog
C:\FHWAC++\GPS_IMU_Simulator_v147\GPS_IMU_Simulator\Simulator\Simulator\Debug\link.1888.write.1.tlog
C:\FHWAC++\GPS_IMU_Simulator_v147\GPS_IMU_Simulator\Simulator\Simulator\Debug\link.1984-cvtres.read.1.tlog
C:\FHWAC++\GPS_IMU_Simulator_v147\GPS_IMU_Simulator\Simulator\Simulator\Debug\link.1984-cvtres.write.1.tlog
C:\FHWAC++\GPS_IMU_Simulator_v147\GPS_IMU_Simulator\Simulator\Simulator\Debug\link.1984-rc.read.1.tlog
C:\FHWAC++\GPS_IMU_Simulator_v147\GPS_IMU_Simulator\Simulator\Simulator\Debug\link.1984-rc.write.1.tlog
C:\FHWAC++\GPS_IMU_Simulator_v147\GPS_IMU_Simulator\Simulator\Simulator\Debug\link.1984.read.1.tlog
C:\FHWAC++\GPS_IMU_Simulator_v147\GPS_IMU_Simulator\Simulator\Simulator\Debug\link.1984.write.1.tlog
C:\FHWAC++\GPS_IMU_Simulator_v147\GPS_IMU_Simulator\Simulator\Simulator\Debug\link.208-cvtres.read.1.tlog
C:\FHWAC++\GPS_IMU_Simulator_v147\GPS_IMU_Simulator\Simulator\Simulator\Debug\link.208-cvtres.write.1.tlog
C:\FHWAC++\GPS_IMU_Simulator_v147\GPS_IMU_Simulator\Simulator\Simulator\Debug\link.208-rc.read.1.tlog
C:\FHWAC++\GPS_IMU_Simulator_v147\GPS_IMU_Simulator\Simulator\Simulator\Debug\link.208-rc.write.1.tlog
C:\FHWAC++\GPS_IMU_Simulator_v147\GPS_IMU_Simulator\Simulator\Simulator\Debug\link.208.read.1.tlog
C:\FHWAC++\GPS_IMU_Simulator_v147\GPS_IMU_Simulator\Simulator\Simulator\Debug\link.208.write.1.tlog
C:\FHWAC++\GPS_IMU_Simulator_v147\GPS_IMU_Simulator\Simulator\Simulator\Debug\link.2088-cvtres.read.1.tlog
C:\FHWAC++\GPS_IMU_Simulator_v147\GPS_IMU_Simulator\Simulator\Simulator\Debug\link.2088-cvtres.write.1.tlog
C:\FHWAC++\GPS_IMU_Simulator_v147\GPS_IMU_Simulator\Simulator\Simulator\Debug\link.2088-rc.read.1.tlog
C:\FHWAC++\GPS_IMU_Simulator_v147\GPS_IMU_Simulator\Simulator\Simulator\Debug\link.2088-rc.write.1.tlog
C:\FHWAC++\GPS_IMU_Simulator_v147\GPS_IMU_Simulator\Simulator\Simulator\Debug\link.2088.read.1.tlog
C:\FHWAC++\GPS_IMU_Simulator_v147\GPS_IMU_Simulator\Simulator\Simulator\Debug\link.2088.write.1.tlog
C:\FHWAC++\GPS_IMU_Simulator_v147\GPS_IMU_Simulator\Simulator\Simulator\Debug\link.2100-cvtres.read.1.tlog
C:\FHWAC++\GPS_IMU_Simulator_v147\GPS_IMU_Simulator\Simulator\Simulator\Debug\link.2100-cvtres.write.1.tlog
C:\FHWAC++\GPS_IMU_Simulator_v147\GPS_IMU_Simulator\Simulator\Simulator\Debug\link.2100-rc.read.1.tlog
C:\FHWAC++\GPS_IMU_Simulator_v147\GPS_IMU_Simulator\Simulator\Simulator\Debug\link.2100-rc.write.1.tlog
C:\FHWAC++\GPS_IMU_Simulator_v147\GPS_IMU_Simulator\Simulator\Simulator\Debug\link.2100.read.1.tlog
C:\FHWAC++\GPS_IMU_Simulator_v147\GPS_IMU_Simulator\Simulator\Simulator\Debug\link.2100.write.1.tlog
C:\FHWAC++\GPS_IMU_Simulator_v147\GPS_IMU_Simulator\Simulator\Simulator\Debug\link.2200-cvtres.read.1.tlog
C:\FHWAC++\GPS_IMU_Simulator_v147\GPS_IMU_Simulator\Simulator\Simulator\Debug\link.2200-cvtres.write.1.tlog
C:\FHWAC++\GPS_IMU_Simulator_v147\GPS_IMU_Simulator\Simulator\Simulator\Debug\link.2200-rc.read.1.tlog
C:\FHWAC++\GPS_IMU_Simulator_v147\GPS_IMU_Simulator\Simulator\Simulator\Debug\link.2200-rc.write.1.tlog
C:\FHWAC++\GPS_IMU_Simulator_v147\GPS_IMU_Simulator\Simulator\Simulator\Debug\link.2200.read.1.tlog
C:\FHWAC++\GPS_IMU_Simulator_v147\GPS_IMU_Simulator\Simulator\Simulator\Debug\link.2200.write.1.tlog
C:\FHWAC++\GPS_IMU_Simulator_v147\GPS_IMU_Simulator\Simulator\Simulator\Debug\link.2492-cvtres.read.1.tlog
C:\FHWAC++\GPS_IMU_Simulator_v147\GPS_IMU_Simulator\Simulator\Simulator\Debug\link.2492-cvtres.write.1.tlog
C:\FHWAC++\GPS_IMU_Simulator_v147\GPS_IMU_Simulator\Simulator\Simulator\Debug\link.2492-rc.read.1.tlog
C:\FHWAC++\GPS_IMU_Simulator_v147\GPS_IMU_Simulator\Simulator\Simulator\Debug\link.2492-rc.write.1.tlog
C:\FHWAC++\GPS_IMU_Simulator_v147\GPS_IMU_Simulator\Simulator\Simulator\Debug\link.2492.read.1.tlog
C:\FHWAC++\GPS_IMU_Simulator_v147\GPS_IMU_Simulator\Simulator\Simulator\Debug\link.2492.write.1.tlog
C:\FHWAC++\GPS_IMU_Simulator_v147\GPS_IMU_Simulator\Simulator\Simulator\Debug\link.2496-cvtres.read.1.tlog
C:\FHWAC++\GPS_IMU_Simulator_v147\GPS_IMU_Simulator\Simulator\Simulator\Debug\link.2496-cvtres.write.1.tlog
C:\FHWAC++\GPS_IMU_Simulator_v147\GPS_IMU_Simulator\Simulator\Simulator\Debug\link.2496-rc.read.1.tlog
C:\FHWAC++\GPS_IMU_Simulator_v147\GPS_IMU_Simulator\Simulator\Simulator\Debug\link.2496-rc.write.1.tlog
C:\FHWAC++\GPS_IMU_Simulator_v147\GPS_IMU_Simulator\Simulator\Simulator\Debug\link.2496.read.1.tlog
C:\FHWAC++\GPS_IMU_Simulator_v147\GPS_IMU_Simulator\Simulator\Simulator\Debug\link.2496.write.1.tlog
C:\FHWAC++\GPS_IMU_Simulator_v147\GPS_IMU_Simulator\Simulator\Simulator\Debug\link.2628-cvtres.read.1.tlog
C:\FHWAC++\GPS_IMU_Simulator_v147\GPS_IMU_Simulator\Simulator\Simulator\Debug\link.2628-cvtres.write.1.tlog
C:\FHWAC++\GPS_IMU_Simulator_v147\GPS_IMU_Simulator\Simulator\Simulator\Debug\link.2628-rc.read.1.tlog
C:\FHWAC++\GPS_IMU_Simulator_v147\GPS_IMU_Simulator\Simulator\Simulator\Debug\link.2628-rc.write.1.tlog
C:\FHWAC++\GPS_IMU_Simulator_v147\GPS_IMU_Simulator\Simulator\Simulator\Debug\link.2628.read.1.tlog
C:\FHWAC++\GPS_IMU_Simulator_v147\GPS_IMU_Simulator\Simulator\Simulator\Debug\link.2628.write.1.tlog
C:\FHWAC++\GPS_IMU_Simulator_v147\GPS_IMU_Simulator\Simulator\Simulator\Debug\link.2684-cvtres.read.1.tlog
C:\FHWAC++\GPS_IMU_Simulator_v147\GPS_IMU_Simulator\Simulator\Simulator\Debug\link.2684-cvtres.write.1.tlog
C:\FHWAC++\GPS_IMU_Simulator_v147\GPS_IMU_Simulator\Simulator\Simulator\Debug\link.2684-rc.read.1.tlog
C:\FHWAC++\GPS_IMU_Simulator_v147\GPS_IMU_Simulator\Simulator\Simulator\Debug\link.2684-rc.write.1.tlog
C:\FHWAC++\GPS_IMU_Simulator_v147\GPS_IMU_Simulator\Simulator\Simulator\Debug\link.2684.read.1.tlog
C:\FHWAC++\GPS_IMU_Simulator_v147\GPS_IMU_Simulator\Simulator\Simulator\Debug\link.2684.write.1.tlog
C:\FHWAC++\GPS_IMU_Simulator_v147\GPS_IMU_Simulator\Simulator\Simulator\Debug\link.2840-cvtres.read.1.tlog
C:\FHWAC++\GPS_IMU_Simulator_v147\GPS_IMU_Simulator\Simulator\Simulator\Debug\link.2840-cvtres.write.1.tlog
C:\FHWAC++\GPS_IMU_Simulator_v147\GPS_IMU_Simulator\Simulator\Simulator\Debug\link.2840-rc.read.1.tlog
C:\FHWAC++\GPS_IMU_Simulator_v147\GPS_IMU_Simulator\Simulator\Simulator\Debug\link.2840-rc.write.1.tlog
C:\FHWAC++\GPS_IMU_Simulator_v147\GPS_IMU_Simulator\Simulator\Simulator\Debug\link.2840.read.1.tlog
C:\FHWAC++\GPS_IMU_Simulator_v147\GPS_IMU_Simulator\Simulator\Simulator\Debug\link.2840.write.1.tlog
C:\FHWAC++\GPS_IMU_Simulator_v147\GPS_IMU_Simulator\Simulator\Simulator\Debug\link.3004-cvtres.read.1.tlog
C:\FHWAC++\GPS_IMU_Simulator_v147\GPS_IMU_Simulator\Simulator\Simulator\Debug\link.3004-cvtres.write.1.tlog
C:\FHWAC++\GPS_IMU_Simulator_v147\GPS_IMU_Simulator\Simulator\Simulator\Debug\link.3004-rc.read.1.tlog
C:\FHWAC++\GPS_IMU_Simulator_v147\GPS_IMU_Simulator\Simulator\Simulator\Debug\link.3004-rc.write.1.tlog
C:\FHWAC++\GPS_IMU_Simulator_v147\GPS_IMU_Simulator\Simulator\Simulator\Debug\link.3004.read.1.tlog
C:\FHWAC++\GPS_IMU_Simulator_v147\GPS_IMU_Simulator\Simulator\Simulator\Debug\link.3004.write.1.tlog
C:\FHWAC++\GPS_IMU_Simulator_v147\GPS_IMU_Simulator\Simulator\Simulator\Debug\link.3104-cvtres.read.1.tlog
C:\FHWAC++\GPS_IMU_Simulator_v147\GPS_IMU_Simulator\Simulator\Simulator\Debug\link.3104-cvtres.write.1.tlog
C:\FHWAC++\GPS_IMU_Simulator_v147\GPS_IMU_Simulator\Simulator\Simulator\Debug\link.3104-rc.read.1.tlog
C:\FHWAC++\GPS_IMU_Simulator_v147\GPS_IMU_Simulator\Simulator\Simulator\Debug\link.3104-rc.write.1.tlog
C:\FHWAC++\GPS_IMU_Simulator_v147\GPS_IMU_Simulator\Simulator\Simulator\Debug\link.3104.read.1.tlog
C:\FHWAC++\GPS_IMU_Simulator_v147\GPS_IMU_Simulator\Simulator\Simulator\Debug\link.3104.write.1.tlog
C:\FHWAC++\GPS_IMU_Simulator_v147\GPS_IMU_Simulator\Simulator\Simulator\Debug\link.3124-cvtres.read.1.tlog
C:\FHWAC++\GPS_IMU_Simulator_v147\GPS_IMU_Simulator\Simulator\Simulator\Debug\link.3124-cvtres.write.1.tlog
C:\FHWAC++\GPS_IMU_Simulator_v147\GPS_IMU_Simulator\Simulator\Simulator\Debug\link.3124-rc.read.1.tlog
C:\FHWAC++\GPS_IMU_Simulator_v147\GPS_IMU_Simulator\Simulator\Simulator\Debug\link.3124-rc.write.1.tlog
C:\FHWAC++\GPS_IMU_Simulator_v147\GPS_IMU_Simulator\Simulator\Simulator\Debug\link.3124.read.1.tlog
C:\FHWAC++\GPS_IMU_Simulator_v147\GPS_IMU_Simulator\Simulator\Simulator\Debug\link.3124.write.1.tlog
C:\FHWAC++\GPS_IMU_Simulator_v147\GPS_IMU_Simulator\Simulator\Simulator\Debug\link.3184-cvtres.read.1.tlog
C:\FHWAC++\GPS_IMU_Simulator_v147\GPS_IMU_Simulator\Simulator\Simulator\Debug\link.3184-cvtres.write.1.tlog
C:\FHWAC++\GPS_IMU_Simulator_v147\GPS_IMU_Simulator\Simulator\Simulator\Debug\link.3184-rc.read.1.tlog
C:\FHWAC++\GPS_IMU_Simulator_v147\GPS_IMU_Simulator\Simulator\Simulator\Debug\link.3184-rc.write.1.tlog
C:\FHWAC++\GPS_IMU_Simulator_v147\GPS_IMU_Simulator\Simulator\Simulator\Debug\link.3184.read.1.tlog
C:\FHWAC++\GPS_IMU_Simulator_v147\GPS_IMU_Simulator\Simulator\Simulator\Debug\link.3184.write.1.tlog
C:\FHWAC++\GPS_IMU_Simulator_v147\GPS_IMU_Simulator\Simulator\Simulator\Debug\link.3260-cvtres.read.1.tlog
C:\FHWAC++\GPS_IMU_Simulator_v147\GPS_IMU_Simulator\Simulator\Simulator\Debug\link.3260-cvtres.write.1.tlog
C:\FHWAC++\GPS_IMU_Simulator_v147\GPS_IMU_Simulator\Simulator\Simulator\Debug\link.3260-rc.read.1.tlog
C:\FHWAC++\GPS_IMU_Simulator_v147\GPS_IMU_Simulator\Simulator\Simulator\Debug\link.3260-rc.write.1.tlog
C:\FHWAC++\GPS_IMU_Simulator_v147\GPS_IMU_Simulator\Simulator\Simulator\Debug\link.3260.read.1.tlog
C:\FHWAC++\GPS_IMU_Simulator_v147\GPS_IMU_Simulator\Simulator\Simulator\Debug\link.3260.write.1.tlog
C:\FHWAC++\GPS_IMU_Simulator_v147\GPS_IMU_Simulator\Simulator\Simulator\Debug\link.3304-cvtres.read.1.tlog
C:\FHWAC++\GPS_IMU_Simulator_v147\GPS_IMU_Simulator\Simulator\Simulator\Debug\link.3304-cvtres.write.1.tlog
C:\FHWAC++\GPS_IMU_Simulator_v147\GPS_IMU_Simulator\Simulator\Simulator\Debug\link.3304-rc.read.1.tlog
C:\FHWAC++\GPS_IMU_Simulator_v147\GPS_IMU_Simulator\Simulator\Simulator\Debug\link.3304-rc.write.1.tlog
C:\FHWAC++\GPS_IMU_Simulator_v147\GPS_IMU_Simulator\Simulator\Simulator\Debug\link.3304.read.1.tlog
C:\FHWAC++\GPS_IMU_Simulator_v147\GPS_IMU_Simulator\Simulator\Simulator\Debug\link.3304.write.1.tlog
C:\FHWAC++\GPS_IMU_Simulator_v147\GPS_IMU_Simulator\Simulator\Simulator\Debug\link.3444-cvtres.read.1.tlog
C:\FHWAC++\GPS_IMU_Simulator_v147\GPS_IMU_Simulator\Simulator\Simulator\Debug\link.3444-cvtres.write.1.tlog
C:\FHWAC++\GPS_IMU_Simulator_v147\GPS_IMU_Simulator\Simulator\Simulator\Debug\link.3444-rc.read.1.tlog
C:\FHWAC++\GPS_IMU_Simulator_v147\GPS_IMU_Simulator\Simulator\Simulator\Debug\link.3444-rc.write.1.tlog
C:\FHWAC++\GPS_IMU_Simulator_v147\GPS_IMU_Simulator\Simulator\Simulator\Debug\link.3444.read.1.tlog
C:\FHWAC++\GPS_IMU_Simulator_v147\GPS_IMU_Simulator\Simulator\Simulator\Debug\link.3444.write.1.tlog
C:\FHWAC++\GPS_IMU_Simulator_v147\GPS_IMU_Simulator\Simulator\Simulator\Debug\link.3476-cvtres.read.1.tlog
C:\FHWAC++\GPS_IMU_Simulator_v147\GPS_IMU_Simulator\Simulator\Simulator\Debug\link.3476-cvtres.write.1.tlog
C:\FHWAC++\GPS_IMU_Simulator_v147\GPS_IMU_Simulator\Simulator\Simulator\Debug\link.3476-rc.read.1.tlog
C:\FHWAC++\GPS_IMU_Simulator_v147\GPS_IMU_Simulator\Simulator\Simulator\Debug\link.3476-rc.write.1.tlog
C:\FHWAC++\GPS_IMU_Simulator_v147\GPS_IMU_Simulator\Simulator\Simulator\Debug\link.3476.read.1.tlog
C:\FHWAC++\GPS_IMU_Simulator_v147\GPS_IMU_Simulator\Simulator\Simulator\Debug\link.3476.write.1.tlog
C:\FHWAC++\GPS_IMU_Simulator_v147\GPS_IMU_Simulator\Simulator\Simulator\Debug\link.3488-cvtres.read.1.tlog
C:\FHWAC++\GPS_IMU_Simulator_v147\GPS_IMU_Simulator\Simulator\Simulator\Debug\link.3488-cvtres.write.1.tlog
C:\FHWAC++\GPS_IMU_Simulator_v147\GPS_IMU_Simulator\Simulator\Simulator\Debug\link.3488-rc.read.1.tlog
C:\FHWAC++\GPS_IMU_Simulator_v147\GPS_IMU_Simulator\Simulator\Simulator\Debug\link.3488-rc.write.1.tlog
C:\FHWAC++\GPS_IMU_Simulator_v147\GPS_IMU_Simulator\Simulator\Simulator\Debug\link.3488.read.1.tlog
C:\FHWAC++\GPS_IMU_Simulator_v147\GPS_IMU_Simulator\Simulator\Simulator\Debug\link.3488.write.1.tlog
C:\FHWAC++\GPS_IMU_Simulator_v147\GPS_IMU_Simulator\Simulator\Simulator\Debug\link.3492-cvtres.read.1.tlog
C:\FHWAC++\GPS_IMU_Simulator_v147\GPS_IMU_Simulator\Simulator\Simulator\Debug\link.3492-cvtres.write.1.tlog
C:\FHWAC++\GPS_IMU_Simulator_v147\GPS_IMU_Simulator\Simulator\Simulator\Debug\link.3492-rc.read.1.tlog
C:\FHWAC++\GPS_IMU_Simulator_v147\GPS_IMU_Simulator\Simulator\Simulator\Debug\link.3492-rc.write.1.tlog
C:\FHWAC++\GPS_IMU_Simulator_v147\GPS_IMU_Simulator\Simulator\Simulator\Debug\link.3492.read.1.tlog
C:\FHWAC++\GPS_IMU_Simulator_v147\GPS_IMU_Simulator\Simulator\Simulator\Debug\link.3492.write.1.tlog
C:\FHWAC++\GPS_IMU_Simulator_v147\GPS_IMU_Simulator\Simulator\Simulator\Debug\link.3556-cvtres.read.1.tlog
C:\FHWAC++\GPS_IMU_Simulator_v147\GPS_IMU_Simulator\Simulator\Simulator\Debug\link.3556-cvtres.write.1.tlog
C:\FHWAC++\GPS_IMU_Simulator_v147\GPS_IMU_Simulator\Simulator\Simulator\Debug\link.3556-rc.read.1.tlog
C:\FHWAC++\GPS_IMU_Simulator_v147\GPS_IMU_Simulator\Simulator\Simulator\Debug\link.3556-rc.write.1.tlog
C:\FHWAC++\GPS_IMU_Simulator_v147\GPS_IMU_Simulator\Simulator\Simulator\Debug\link.3556.read.1.tlog
C:\FHWAC++\GPS_IMU_Simulator_v147\GPS_IMU_Simulator\Simulator\Simulator\Debug\link.3556.write.1.tlog
C:\FHWAC++\GPS_IMU_Simulator_v147\GPS_IMU_Simulator\Simulator\Simulator\Debug\link.364-cvtres.read.1.tlog
C:\FHWAC++\GPS_IMU_Simulator_v147\GPS_IMU_Simulator\Simulator\Simulator\Debug\link.364-cvtres.write.1.tlog
C:\FHWAC++\GPS_IMU_Simulator_v147\GPS_IMU_Simulator\Simulator\Simulator\Debug\link.364-rc.read.1.tlog
C:\FHWAC++\GPS_IMU_Simulator_v147\GPS_IMU_Simulator\Simulator\Simulator\Debug\link.364-rc.write.1.tlog
C:\FHWAC++\GPS_IMU_Simulator_v147\GPS_IMU_Simulator\Simulator\Simulator\Debug\link.364.read.1.tlog
C:\FHWAC++\GPS_IMU_Simulator_v147\GPS_IMU_Simulator\Simulator\Simulator\Debug\link.364.write.1.tlog
C:\FHWAC++\GPS_IMU_Simulator_v147\GPS_IMU_Simulator\Simulator\Simulator\Debug\link.3692-cvtres.read.1.tlog
C:\FHWAC++\GPS_IMU_Simulator_v147\GPS_IMU_Simulator\Simulator\Simulator\Debug\link.3692-cvtres.write.1.tlog
C:\FHWAC++\GPS_IMU_Simulator_v147\GPS_IMU_Simulator\Simulator\Simulator\Debug\link.3692-rc.read.1.tlog
C:\FHWAC++\GPS_IMU_Simulator_v147\GPS_IMU_Simulator\Simulator\Simulator\Debug\link.3692-rc.write.1.tlog
C:\FHWAC++\GPS_IMU_Simulator_v147\GPS_IMU_Simulator\Simulator\Simulator\Debug\link.3692.read.1.tlog
C:\FHWAC++\GPS_IMU_Simulator_v147\GPS_IMU_Simulator\Simulator\Simulator\Debug\link.3692.write.1.tlog
C:\FHWAC++\GPS_IMU_Simulator_v147\GPS_IMU_Simulator\Simulator\Simulator\Debug\link.3712-cvtres.read.1.tlog
C:\FHWAC++\GPS_IMU_Simulator_v147\GPS_IMU_Simulator\Simulator\Simulator\Debug\link.3712-cvtres.write.1.tlog
C:\FHWAC++\GPS_IMU_Simulator_v147\GPS_IMU_Simulator\Simulator\Simulator\Debug\link.3712-rc.read.1.tlog
C:\FHWAC++\GPS_IMU_Simulator_v147\GPS_IMU_Simulator\Simulator\Simulator\Debug\link.3712-rc.write.1.tlog
C:\FHWAC++\GPS_IMU_Simulator_v147\GPS_IMU_Simulator\Simulator\Simulator\Debug\link.3712.read.1.tlog
C:\FHWAC++\GPS_IMU_Simulator_v147\GPS_IMU_Simulator\Simulator\Simulator\Debug\link.3712.write.1.tlog
C:\FHWAC++\GPS_IMU_Simulator_v147\GPS_IMU_Simulator\Simulator\Simulator\Debug\link.372-cvtres.read.1.tlog
C:\FHWAC++\GPS_IMU_Simulator_v147\GPS_IMU_Simulator\Simulator\Simulator\Debug\link.372-cvtres.write.1.tlog
C:\FHWAC++\GPS_IMU_Simulator_v147\GPS_IMU_Simulator\Simulator\Simulator\Debug\link.372-rc.read.1.tlog
C:\FHWAC++\GPS_IMU_Simulator_v147\GPS_IMU_Simulator\Simulator\Simulator\Debug\link.372-rc.write.1.tlog
C:\FHWAC++\GPS_IMU_Simulator_v147\GPS_IMU_Simulator\Simulator\Simulator\Debug\link.372.read.1.tlog
C:\FHWAC++\GPS_IMU_Simulator_v147\GPS_IMU_Simulator\Simulator\Simulator\Debug\link.372.write.1.tlog
C:\FHWAC++\GPS_IMU_Simulator_v147\GPS_IMU_Simulator\Simulator\Simulator\Debug\link.3908-cvtres.read.1.tlog
C:\FHWAC++\GPS_IMU_Simulator_v147\GPS_IMU_Simulator\Simulator\Simulator\Debug\link.3908-cvtres.write.1.tlog
C:\FHWAC++\GPS_IMU_Simulator_v147\GPS_IMU_Simulator\Simulator\Simulator\Debug\link.3908-rc.read.1.tlog
C:\FHWAC++\GPS_IMU_Simulator_v147\GPS_IMU_Simulator\Simulator\Simulator\Debug\link.3908-rc.write.1.tlog
C:\FHWAC++\GPS_IMU_Simulator_v147\GPS_IMU_Simulator\Simulator\Simulator\Debug\link.3908.read.1.tlog
C:\FHWAC++\GPS_IMU_Simulator_v147\GPS_IMU_Simulator\Simulator\Simulator\Debug\link.3908.write.1.tlog
C:\FHWAC++\GPS_IMU_Simulator_v147\GPS_IMU_Simulator\Simulator\Simulator\Debug\link.3964-cvtres.read.1.tlog
C:\FHWAC++\GPS_IMU_Simulator_v147\GPS_IMU_Simulator\Simulator\Simulator\Debug\link.3964-cvtres.write.1.tlog
C:\FHWAC++\GPS_IMU_Simulator_v147\GPS_IMU_Simulator\Simulator\Simulator\Debug\link.3964-rc.read.1.tlog
C:\FHWAC++\GPS_IMU_Simulator_v147\GPS_IMU_Simulator\Simulator\Simulator\Debug\link.3964-rc.write.1.tlog
C:\FHWAC++\GPS_IMU_Simulator_v147\GPS_IMU_Simulator\Simulator\Simulator\Debug\link.3964.read.1.tlog
C:\FHWAC++\GPS_IMU_Simulator_v147\GPS_IMU_Simulator\Simulator\Simulator\Debug\link.3964.write.1.tlog
C:\FHWAC++\GPS_IMU_Simulator_v147\GPS_IMU_Simulator\Simulator\Simulator\Debug\link.3968-cvtres.read.1.tlog
C:\FHWAC++\GPS_IMU_Simulator_v147\GPS_IMU_Simulator\Simulator\Simulator\Debug\link.3968-cvtres.write.1.tlog
C:\FHWAC++\GPS_IMU_Simulator_v147\GPS_IMU_Simulator\Simulator\Simulator\Debug\link.3968-rc.read.1.tlog
C:\FHWAC++\GPS_IMU_Simulator_v147\GPS_IMU_Simulator\Simulator\Simulator\Debug\link.3968-rc.write.1.tlog
C:\FHWAC++\GPS_IMU_Simulator_v147\GPS_IMU_Simulator\Simulator\Simulator\Debug\link.3968.read.1.tlog
C:\FHWAC++\GPS_IMU_Simulator_v147\GPS_IMU_Simulator\Simulator\Simulator\Debug\link.3968.write.1.tlog
C:\FHWAC++\GPS_IMU_Simulator_v147\GPS_IMU_Simulator\Simulator\Simulator\Debug\link.3972-cvtres.read.1.tlog
C:\FHWAC++\GPS_IMU_Simulator_v147\GPS_IMU_Simulator\Simulator\Simulator\Debug\link.3972-cvtres.write.1.tlog
C:\FHWAC++\GPS_IMU_Simulator_v147\GPS_IMU_Simulator\Simulator\Simulator\Debug\link.3972-rc.read.1.tlog
C:\FHWAC++\GPS_IMU_Simulator_v147\GPS_IMU_Simulator\Simulator\Simulator\Debug\link.3972-rc.write.1.tlog
C:\FHWAC++\GPS_IMU_Simulator_v147\GPS_IMU_Simulator\Simulator\Simulator\Debug\link.3972.read.1.tlog
C:\FHWAC++\GPS_IMU_Simulator_v147\GPS_IMU_Simulator\Simulator\Simulator\Debug\link.3972.write.1.tlog
C:\FHWAC++\GPS_IMU_Simulator_v147\GPS_IMU_Simulator\Simulator\Simulator\Debug\link.412-cvtres.read.1.tlog
C:\FHWAC++\GPS_IMU_Simulator_v147\GPS_IMU_Simulator\Simulator\Simulator\Debug\link.412-cvtres.write.1.tlog
C:\FHWAC++\GPS_IMU_Simulator_v147\GPS_IMU_Simulator\Simulator\Simulator\Debug\link.412-rc.read.1.tlog
C:\FHWAC++\GPS_IMU_Simulator_v147\GPS_IMU_Simulator\Simulator\Simulator\Debug\link.412-rc.write.1.tlog
C:\FHWAC++\GPS_IMU_Simulator_v147\GPS_IMU_Simulator\Simulator\Simulator\Debug\link.412.read.1.tlog
C:\FHWAC++\GPS_IMU_Simulator_v147\GPS_IMU_Simulator\Simulator\Simulator\Debug\link.412.write.1.tlog
C:\FHWAC++\GPS_IMU_Simulator_v147\GPS_IMU_Simulator\Simulator\Simulator\Debug\link.4180-cvtres.read.1.tlog
C:\FHWAC++\GPS_IMU_Simulator_v147\GPS_IMU_Simulator\Simulator\Simulator\Debug\link.4180-cvtres.write.1.tlog
C:\FHWAC++\GPS_IMU_Simulator_v147\GPS_IMU_Simulator\Simulator\Simulator\Debug\link.4180-rc.read.1.tlog
C:\FHWAC++\GPS_IMU_Simulator_v147\GPS_IMU_Simulator\Simulator\Simulator\Debug\link.4180-rc.write.1.tlog
C:\FHWAC++\GPS_IMU_Simulator_v147\GPS_IMU_Simulator\Simulator\Simulator\Debug\link.4180.read.1.tlog
C:\FHWAC++\GPS_IMU_Simulator_v147\GPS_IMU_Simulator\Simulator\Simulator\Debug\link.4180.write.1.tlog
C:\FHWAC++\GPS_IMU_Simulator_v147\GPS_IMU_Simulator\Simulator\Simulator\Debug\link.4256-cvtres.read.1.tlog
C:\FHWAC++\GPS_IMU_Simulator_v147\GPS_IMU_Simulator\Simulator\Simulator\Debug\link.4256-cvtres.write.1.tlog
C:\FHWAC++\GPS_IMU_Simulator_v147\GPS_IMU_Simulator\Simulator\Simulator\Debug\link.4256-rc.read.1.tlog
C:\FHWAC++\GPS_IMU_Simulator_v147\GPS_IMU_Simulator\Simulator\Simulator\Debug\link.4256-rc.write.1.tlog
C:\FHWAC++\GPS_IMU_Simulator_v147\GPS_IMU_Simulator\Simulator\Simulator\Debug\link.4256.read.1.tlog
C:\FHWAC++\GPS_IMU_Simulator_v147\GPS_IMU_Simulator\Simulator\Simulator\Debug\link.4256.write.1.tlog
C:\FHWAC++\GPS_IMU_Simulator_v147\GPS_IMU_Simulator\Simulator\Simulator\Debug\link.4336-cvtres.read.1.tlog
C:\FHWAC++\GPS_IMU_Simulator_v147\GPS_IMU_Simulator\Simulator\Simulator\Debug\link.4336-cvtres.write.1.tlog
C:\FHWAC++\GPS_IMU_Simulator_v147\GPS_IMU_Simulator\Simulator\Simulator\Debug\link.4336-rc.read.1.tlog
C:\FHWAC++\GPS_IMU_Simulator_v147\GPS_IMU_Simulator\Simulator\Simulator\Debug\link.4336-rc.write.1.tlog
C:\FHWAC++\GPS_IMU_Simulator_v147\GPS_IMU_Simulator\Simulator\Simulator\Debug\link.4336.read.1.tlog
C:\FHWAC++\GPS_IMU_Simulator_v147\GPS_IMU_Simulator\Simulator\Simulator\Debug\link.4336.write.1.tlog
C:\FHWAC++\GPS_IMU_Simulator_v147\GPS_IMU_Simulator\Simulator\Simulator\Debug\link.4344-cvtres.read.1.tlog
C:\FHWAC++\GPS_IMU_Simulator_v147\GPS_IMU_Simulator\Simulator\Simulator\Debug\link.4344-cvtres.write.1.tlog
C:\FHWAC++\GPS_IMU_Simulator_v147\GPS_IMU_Simulator\Simulator\Simulator\Debug\link.4344-rc.read.1.tlog
C:\FHWAC++\GPS_IMU_Simulator_v147\GPS_IMU_Simulator\Simulator\Simulator\Debug\link.4344-rc.write.1.tlog
C:\FHWAC++\GPS_IMU_Simulator_v147\GPS_IMU_Simulator\Simulator\Simulator\Debug\link.4344.read.1.tlog
C:\FHWAC++\GPS_IMU_Simulator_v147\GPS_IMU_Simulator\Simulator\Simulator\Debug\link.4344.write.1.tlog
C:\FHWAC++\GPS_IMU_Simulator_v147\GPS_IMU_Simulator\Simulator\Simulator\Debug\link.4376-cvtres.read.1.tlog
C:\FHWAC++\GPS_IMU_Simulator_v147\GPS_IMU_Simulator\Simulator\Simulator\Debug\link.4376-cvtres.write.1.tlog
C:\FHWAC++\GPS_IMU_Simulator_v147\GPS_IMU_Simulator\Simulator\Simulator\Debug\link.4376-rc.read.1.tlog
C:\FHWAC++\GPS_IMU_Simulator_v147\GPS_IMU_Simulator\Simulator\Simulator\Debug\link.4376-rc.write.1.tlog
C:\FHWAC++\GPS_IMU_Simulator_v147\GPS_IMU_Simulator\Simulator\Simulator\Debug\link.4376.read.1.tlog
C:\FHWAC++\GPS_IMU_Simulator_v147\GPS_IMU_Simulator\Simulator\Simulator\Debug\link.4376.write.1.tlog
C:\FHWAC++\GPS_IMU_Simulator_v147\GPS_IMU_Simulator\Simulator\Simulator\Debug\link.4480-cvtres.read.1.tlog
C:\FHWAC++\GPS_IMU_Simulator_v147\GPS_IMU_Simulator\Simulator\Simulator\Debug\link.4480-cvtres.write.1.tlog
C:\FHWAC++\GPS_IMU_Simulator_v147\GPS_IMU_Simulator\Simulator\Simulator\Debug\link.4480-rc.read.1.tlog
C:\FHWAC++\GPS_IMU_Simulator_v147\GPS_IMU_Simulator\Simulator\Simulator\Debug\link.4480-rc.write.1.tlog
C:\FHWAC++\GPS_IMU_Simulator_v147\GPS_IMU_Simulator\Simulator\Simulator\Debug\link.4480.read.1.tlog
C:\FHWAC++\GPS_IMU_Simulator_v147\GPS_IMU_Simulator\Simulator\Simulator\Debug\link.4480.write.1.tlog
C:\FHWAC++\GPS_IMU_Simulator_v147\GPS_IMU_Simulator\Simulator\Simulator\Debug\link.4556-cvtres.read.1.tlog
C:\FHWAC++\GPS_IMU_Simulator_v147\GPS_IMU_Simulator\Simulator\Simulator\Debug\link.4556-cvtres.write.1.tlog
C:\FHWAC++\GPS_IMU_Simulator_v147\GPS_IMU_Simulator\Simulator\Simulator\Debug\link.4556-rc.read.1.tlog
C:\FHWAC++\GPS_IMU_Simulator_v147\GPS_IMU_Simulator\Simulator\Simulator\Debug\link.4556-rc.write.1.tlog
C:\FHWAC++\GPS_IMU_Simulator_v147\GPS_IMU_Simulator\Simulator\Simulator\Debug\link.4556.read.1.tlog
C:\FHWAC++\GPS_IMU_Simulator_v147\GPS_IMU_Simulator\Simulator\Simulator\Debug\link.4556.write.1.tlog
C:\FHWAC++\GPS_IMU_Simulator_v147\GPS_IMU_Simulator\Simulator\Simulator\Debug\link.4608-cvtres.read.1.tlog
C:\FHWAC++\GPS_IMU_Simulator_v147\GPS_IMU_Simulator\Simulator\Simulator\Debug\link.4608-cvtres.write.1.tlog
C:\FHWAC++\GPS_IMU_Simulator_v147\GPS_IMU_Simulator\Simulator\Simulator\Debug\link.4608-rc.read.1.tlog
C:\FHWAC++\GPS_IMU_Simulator_v147\GPS_IMU_Simulator\Simulator\Simulator\Debug\link.4608-rc.write.1.tlog
C:\FHWAC++\GPS_IMU_Simulator_v147\GPS_IMU_Simulator\Simulator\Simulator\Debug\link.4608.read.1.tlog
C:\FHWAC++\GPS_IMU_Simulator_v147\GPS_IMU_Simulator\Simulator\Simulator\Debug\link.4608.write.1.tlog
C:\FHWAC++\GPS_IMU_Simulator_v147\GPS_IMU_Simulator\Simulator\Simulator\Debug\link.4620-cvtres.read.1.tlog
C:\FHWAC++\GPS_IMU_Simulator_v147\GPS_IMU_Simulator\Simulator\Simulator\Debug\link.4620-cvtres.write.1.tlog
C:\FHWAC++\GPS_IMU_Simulator_v147\GPS_IMU_Simulator\Simulator\Simulator\Debug\link.4620-rc.read.1.tlog
C:\FHWAC++\GPS_IMU_Simulator_v147\GPS_IMU_Simulator\Simulator\Simulator\Debug\link.4620-rc.write.1.tlog
C:\FHWAC++\GPS_IMU_Simulator_v147\GPS_IMU_Simulator\Simulator\Simulator\Debug\link.4620.read.1.tlog
C:\FHWAC++\GPS_IMU_Simulator_v147\GPS_IMU_Simulator\Simulator\Simulator\Debug\link.4620.write.1.tlog
C:\FHWAC++\GPS_IMU_Simulator_v147\GPS_IMU_Simulator\Simulator\Simulator\Debug\link.4712-cvtres.read.1.tlog
C:\FHWAC++\GPS_IMU_Simulator_v147\GPS_IMU_Simulator\Simulator\Simulator\Debug\link.4712-cvtres.write.1.tlog
C:\FHWAC++\GPS_IMU_Simulator_v147\GPS_IMU_Simulator\Simulator\Simulator\Debug\link.4712-rc.read.1.tlog
C:\FHWAC++\GPS_IMU_Simulator_v147\GPS_IMU_Simulator\Simulator\Simulator\Debug\link.4712-rc.write.1.tlog
C:\FHWAC++\GPS_IMU_Simulator_v147\GPS_IMU_Simulator\Simulator\Simulator\Debug\link.4712.read.1.tlog
C:\FHWAC++\GPS_IMU_Simulator_v147\GPS_IMU_Simulator\Simulator\Simulator\Debug\link.4712.write.1.tlog
C:\FHWAC++\GPS_IMU_Simulator_v147\GPS_IMU_Simulator\Simulator\Simulator\Debug\link.4760-cvtres.read.1.tlog
C:\FHWAC++\GPS_IMU_Simulator_v147\GPS_IMU_Simulator\Simulator\Simulator\Debug\link.4760-cvtres.write.1.tlog
C:\FHWAC++\GPS_IMU_Simulator_v147\GPS_IMU_Simulator\Simulator\Simulator\Debug\link.4760-rc.read.1.tlog
C:\FHWAC++\GPS_IMU_Simulator_v147\GPS_IMU_Simulator\Simulator\Simulator\Debug\link.4760-rc.write.1.tlog
C:\FHWAC++\GPS_IMU_Simulator_v147\GPS_IMU_Simulator\Simulator\Simulator\Debug\link.4760.read.1.tlog
C:\FHWAC++\GPS_IMU_Simulator_v147\GPS_IMU_Simulator\Simulator\Simulator\Debug\link.4760.write.1.tlog
C:\FHWAC++\GPS_IMU_Simulator_v147\GPS_IMU_Simulator\Simulator\Simulator\Debug\link.4800-cvtres.read.1.tlog
C:\FHWAC++\GPS_IMU_Simulator_v147\GPS_IMU_Simulator\Simulator\Simulator\Debug\link.4800-cvtres.write.1.tlog
C:\FHWAC++\GPS_IMU_Simulator_v147\GPS_IMU_Simulator\Simulator\Simulator\Debug\link.4800-rc.read.1.tlog
C:\FHWAC++\GPS_IMU_Simulator_v147\GPS_IMU_Simulator\Simulator\Simulator\Debug\link.4800-rc.write.1.tlog
C:\FHWAC++\GPS_IMU_Simulator_v147\GPS_IMU_Simulator\Simulator\Simulator\Debug\link.4800.read.1.tlog
C:\FHWAC++\GPS_IMU_Simulator_v147\GPS_IMU_Simulator\Simulator\Simulator\Debug\link.4800.write.1.tlog
C:\FHWAC++\GPS_IMU_Simulator_v147\GPS_IMU_Simulator\Simulator\Simulator\Debug\link.4868-cvtres.read.1.tlog
C:\FHWAC++\GPS_IMU_Simulator_v147\GPS_IMU_Simulator\Simulator\Simulator\Debug\link.4868-cvtres.write.1.tlog
C:\FHWAC++\GPS_IMU_Simulator_v147\GPS_IMU_Simulator\Simulator\Simulator\Debug\link.4868-rc.read.1.tlog
C:\FHWAC++\GPS_IMU_Simulator_v147\GPS_IMU_Simulator\Simulator\Simulator\Debug\link.4868-rc.write.1.tlog
C:\FHWAC++\GPS_IMU_Simulator_v147\GPS_IMU_Simulator\Simulator\Simulator\Debug\link.4868.read.1.tlog
C:\FHWAC++\GPS_IMU_Simulator_v147\GPS_IMU_Simulator\Simulator\Simulator\Debug\link.4868.write.1.tlog
C:\FHWAC++\GPS_IMU_Simulator_v147\GPS_IMU_Simulator\Simulator\Simulator\Debug\link.4940-cvtres.read.1.tlog
C:\FHWAC++\GPS_IMU_Simulator_v147\GPS_IMU_Simulator\Simulator\Simulator\Debug\link.4940-cvtres.write.1.tlog
C:\FHWAC++\GPS_IMU_Simulator_v147\GPS_IMU_Simulator\Simulator\Simulator\Debug\link.4940-rc.read.1.tlog
C:\FHWAC++\GPS_IMU_Simulator_v147\GPS_IMU_Simulator\Simulator\Simulator\Debug\link.4940-rc.write.1.tlog
C:\FHWAC++\GPS_IMU_Simulator_v147\GPS_IMU_Simulator\Simulator\Simulator\Debug\link.4940.read.1.tlog
C:\FHWAC++\GPS_IMU_Simulator_v147\GPS_IMU_Simulator\Simulator\Simulator\Debug\link.4940.write.1.tlog
C:\FHWAC++\GPS_IMU_Simulator_v147\GPS_IMU_Simulator\Simulator\Simulator\Debug\link.5068-cvtres.read.1.tlog
C:\FHWAC++\GPS_IMU_Simulator_v147\GPS_IMU_Simulator\Simulator\Simulator\Debug\link.5068-cvtres.write.1.tlog
C:\FHWAC++\GPS_IMU_Simulator_v147\GPS_IMU_Simulator\Simulator\Simulator\Debug\link.5068-rc.read.1.tlog
C:\FHWAC++\GPS_IMU_Simulator_v147\GPS_IMU_Simulator\Simulator\Simulator\Debug\link.5068-rc.write.1.tlog
C:\FHWAC++\GPS_IMU_Simulator_v147\GPS_IMU_Simulator\Simulator\Simulator\Debug\link.5068.read.1.tlog
C:\FHWAC++\GPS_IMU_Simulator_v147\GPS_IMU_Simulator\Simulator\Simulator\Debug\link.5068.write.1.tlog
C:\FHWAC++\GPS_IMU_Simulator_v147\GPS_IMU_Simulator\Simulator\Simulator\Debug\link.5144-cvtres.read.1.tlog
C:\FHWAC++\GPS_IMU_Simulator_v147\GPS_IMU_Simulator\Simulator\Simulator\Debug\link.5144-cvtres.write.1.tlog
C:\FHWAC++\GPS_IMU_Simulator_v147\GPS_IMU_Simulator\Simulator\Simulator\Debug\link.5144-rc.read.1.tlog
C:\FHWAC++\GPS_IMU_Simulator_v147\GPS_IMU_Simulator\Simulator\Simulator\Debug\link.5144-rc.write.1.tlog
C:\FHWAC++\GPS_IMU_Simulator_v147\GPS_IMU_Simulator\Simulator\Simulator\Debug\link.5144.read.1.tlog
C:\FHWAC++\GPS_IMU_Simulator_v147\GPS_IMU_Simulator\Simulator\Simulator\Debug\link.5144.write.1.tlog
C:\FHWAC++\GPS_IMU_Simulator_v147\GPS_IMU_Simulator\Simulator\Simulator\Debug\link.5164-cvtres.read.1.tlog
C:\FHWAC++\GPS_IMU_Simulator_v147\GPS_IMU_Simulator\Simulator\Simulator\Debug\link.5164-cvtres.write.1.tlog
C:\FHWAC++\GPS_IMU_Simulator_v147\GPS_IMU_Simulator\Simulator\Simulator\Debug\link.5164-rc.read.1.tlog
C:\FHWAC++\GPS_IMU_Simulator_v147\GPS_IMU_Simulator\Simulator\Simulator\Debug\link.5164-rc.write.1.tlog
C:\FHWAC++\GPS_IMU_Simulator_v147\GPS_IMU_Simulator\Simulator\Simulator\Debug\link.5164.read.1.tlog
C:\FHWAC++\GPS_IMU_Simulator_v147\GPS_IMU_Simulator\Simulator\Simulator\Debug\link.5164.write.1.tlog
C:\FHWAC++\GPS_IMU_Simulator_v147\GPS_IMU_Simulator\Simulator\Simulator\Debug\link.5216-cvtres.read.1.tlog
C:\FHWAC++\GPS_IMU_Simulator_v147\GPS_IMU_Simulator\Simulator\Simulator\Debug\link.5216-cvtres.write.1.tlog
C:\FHWAC++\GPS_IMU_Simulator_v147\GPS_IMU_Simulator\Simulator\Simulator\Debug\link.5216-rc.read.1.tlog
C:\FHWAC++\GPS_IMU_Simulator_v147\GPS_IMU_Simulator\Simulator\Simulator\Debug\link.5216-rc.write.1.tlog
C:\FHWAC++\GPS_IMU_Simulator_v147\GPS_IMU_Simulator\Simulator\Simulator\Debug\link.5216.read.1.tlog
C:\FHWAC++\GPS_IMU_Simulator_v147\GPS_IMU_Simulator\Simulator\Simulator\Debug\link.5216.write.1.tlog
C:\FHWAC++\GPS_IMU_Simulator_v147\GPS_IMU_Simulator\Simulator\Simulator\Debug\link.5244-cvtres.read.1.tlog
C:\FHWAC++\GPS_IMU_Simulator_v147\GPS_IMU_Simulator\Simulator\Simulator\Debug\link.5244-cvtres.write.1.tlog
C:\FHWAC++\GPS_IMU_Simulator_v147\GPS_IMU_Simulator\Simulator\Simulator\Debug\link.5244-rc.read.1.tlog
C:\FHWAC++\GPS_IMU_Simulator_v147\GPS_IMU_Simulator\Simulator\Simulator\Debug\link.5244-rc.write.1.tlog
C:\FHWAC++\GPS_IMU_Simulator_v147\GPS_IMU_Simulator\Simulator\Simulator\Debug\link.5244.read.1.tlog
C:\FHWAC++\GPS_IMU_Simulator_v147\GPS_IMU_Simulator\Simulator\Simulator\Debug\link.5244.write.1.tlog
C:\FHWAC++\GPS_IMU_Simulator_v147\GPS_IMU_Simulator\Simulator\Simulator\Debug\link.5320-cvtres.read.1.tlog
C:\FHWAC++\GPS_IMU_Simulator_v147\GPS_IMU_Simulator\Simulator\Simulator\Debug\link.5320-cvtres.write.1.tlog
C:\FHWAC++\GPS_IMU_Simulator_v147\GPS_IMU_Simulator\Simulator\Simulator\Debug\link.5320-rc.read.1.tlog
C:\FHWAC++\GPS_IMU_Simulator_v147\GPS_IMU_Simulator\Simulator\Simulator\Debug\link.5320-rc.write.1.tlog
C:\FHWAC++\GPS_IMU_Simulator_v147\GPS_IMU_Simulator\Simulator\Simulator\Debug\link.5320.read.1.tlog
C:\FHWAC++\GPS_IMU_Simulator_v147\GPS_IMU_Simulator\Simulator\Simulator\Debug\link.5320.write.1.tlog
C:\FHWAC++\GPS_IMU_Simulator_v147\GPS_IMU_Simulator\Simulator\Simulator\Debug\link.5332-cvtres.read.1.tlog
C:\FHWAC++\GPS_IMU_Simulator_v147\GPS_IMU_Simulator\Simulator\Simulator\Debug\link.5332-cvtres.write.1.tlog
C:\FHWAC++\GPS_IMU_Simulator_v147\GPS_IMU_Simulator\Simulator\Simulator\Debug\link.5332-rc.read.1.tlog
C:\FHWAC++\GPS_IMU_Simulator_v147\GPS_IMU_Simulator\Simulator\Simulator\Debug\link.5332-rc.write.1.tlog
C:\FHWAC++\GPS_IMU_Simulator_v147\GPS_IMU_Simulator\Simulator\Simulator\Debug\link.5332.read.1.tlog
C:\FHWAC++\GPS_IMU_Simulator_v147\GPS_IMU_Simulator\Simulator\Simulator\Debug\link.5332.write.1.tlog
C:\FHWAC++\GPS_IMU_Simulator_v147\GPS_IMU_Simulator\Simulator\Simulator\Debug\link.5372-cvtres.read.1.tlog
C:\FHWAC++\GPS_IMU_Simulator_v147\GPS_IMU_Simulator\Simulator\Simulator\Debug\link.5372-cvtres.write.1.tlog
C:\FHWAC++\GPS_IMU_Simulator_v147\GPS_IMU_Simulator\Simulator\Simulator\Debug\link.5372-rc.read.1.tlog
C:\FHWAC++\GPS_IMU_Simulator_v147\GPS_IMU_Simulator\Simulator\Simulator\Debug\link.5372-rc.write.1.tlog
C:\FHWAC++\GPS_IMU_Simulator_v147\GPS_IMU_Simulator\Simulator\Simulator\Debug\link.5372.read.1.tlog
C:\FHWAC++\GPS_IMU_Simulator_v147\GPS_IMU_Simulator\Simulator\Simulator\Debug\link.5372.write.1.tlog
C:\FHWAC++\GPS_IMU_Simulator_v147\GPS_IMU_Simulator\Simulator\Simulator\Debug\link.5380-cvtres.read.1.tlog
C:\FHWAC++\GPS_IMU_Simulator_v147\GPS_IMU_Simulator\Simulator\Simulator\Debug\link.5380-cvtres.write.1.tlog
C:\FHWAC++\GPS_IMU_Simulator_v147\GPS_IMU_Simulator\Simulator\Simulator\Debug\link.5380-rc.read.1.tlog
C:\FHWAC++\GPS_IMU_Simulator_v147\GPS_IMU_Simulator\Simulator\Simulator\Debug\link.5380-rc.write.1.tlog
C:\FHWAC++\GPS_IMU_Simulator_v147\GPS_IMU_Simulator\Simulator\Simulator\Debug\link.5380.read.1.tlog
C:\FHWAC++\GPS_IMU_Simulator_v147\GPS_IMU_Simulator\Simulator\Simulator\Debug\link.5380.write.1.tlog
C:\FHWAC++\GPS_IMU_Simulator_v147\GPS_IMU_Simulator\Simulator\Simulator\Debug\link.5424-cvtres.read.1.tlog
C:\FHWAC++\GPS_IMU_Simulator_v147\GPS_IMU_Simulator\Simulator\Simulator\Debug\link.5424-cvtres.write.1.tlog
C:\FHWAC++\GPS_IMU_Simulator_v147\GPS_IMU_Simulator\Simulator\Simulator\Debug\link.5424-rc.read.1.tlog
C:\FHWAC++\GPS_IMU_Simulator_v147\GPS_IMU_Simulator\Simulator\Simulator\Debug\link.5424-rc.write.1.tlog
C:\FHWAC++\GPS_IMU_Simulator_v147\GPS_IMU_Simulator\Simulator\Simulator\Debug\link.5424.read.1.tlog
C:\FHWAC++\GPS_IMU_Simulator_v147\GPS_IMU_Simulator\Simulator\Simulator\Debug\link.5424.write.1.tlog
C:\FHWAC++\GPS_IMU_Simulator_v147\GPS_IMU_Simulator\Simulator\Simulator\Debug\link.5436-cvtres.read.1.tlog
C:\FHWAC++\GPS_IMU_Simulator_v147\GPS_IMU_Simulator\Simulator\Simulator\Debug\link.5436-cvtres.write.1.tlog
C:\FHWAC++\GPS_IMU_Simulator_v147\GPS_IMU_Simulator\Simulator\Simulator\Debug\link.5436-rc.read.1.tlog
C:\FHWAC++\GPS_IMU_Simulator_v147\GPS_IMU_Simulator\Simulator\Simulator\Debug\link.5436-rc.write.1.tlog
C:\FHWAC++\GPS_IMU_Simulator_v147\GPS_IMU_Simulator\Simulator\Simulator\Debug\link.5436.read.1.tlog
C:\FHWAC++\GPS_IMU_Simulator_v147\GPS_IMU_Simulator\Simulator\Simulator\Debug\link.5436.write.1.tlog
C:\FHWAC++\GPS_IMU_Simulator_v147\GPS_IMU_Simulator\Simulator\Simulator\Debug\link.544-cvtres.read.1.tlog
C:\FHWAC++\GPS_IMU_Simulator_v147\GPS_IMU_Simulator\Simulator\Simulator\Debug\link.544-cvtres.write.1.tlog
C:\FHWAC++\GPS_IMU_Simulator_v147\GPS_IMU_Simulator\Simulator\Simulator\Debug\link.544-rc.read.1.tlog
C:\FHWAC++\GPS_IMU_Simulator_v147\GPS_IMU_Simulator\Simulator\Simulator\Debug\link.544-rc.write.1.tlog
C:\FHWAC++\GPS_IMU_Simulator_v147\GPS_IMU_Simulator\Simulator\Simulator\Debug\link.544.read.1.tlog
C:\FHWAC++\GPS_IMU_Simulator_v147\GPS_IMU_Simulator\Simulator\Simulator\Debug\link.544.write.1.tlog
C:\FHWAC++\GPS_IMU_Simulator_v147\GPS_IMU_Simulator\Simulator\Simulator\Debug\link.5488-cvtres.read.1.tlog
C:\FHWAC++\GPS_IMU_Simulator_v147\GPS_IMU_Simulator\Simulator\Simulator\Debug\link.5488-cvtres.write.1.tlog
C:\FHWAC++\GPS_IMU_Simulator_v147\GPS_IMU_Simulator\Simulator\Simulator\Debug\link.5488-rc.read.1.tlog
C:\FHWAC++\GPS_IMU_Simulator_v147\GPS_IMU_Simulator\Simulator\Simulator\Debug\link.5488-rc.write.1.tlog
C:\FHWAC++\GPS_IMU_Simulator_v147\GPS_IMU_Simulator\Simulator\Simulator\Debug\link.5488.read.1.tlog
C:\FHWAC++\GPS_IMU_Simulator_v147\GPS_IMU_Simulator\Simulator\Simulator\Debug\link.5488.write.1.tlog
C:\FHWAC++\GPS_IMU_Simulator_v147\GPS_IMU_Simulator\Simulator\Simulator\Debug\link.5496-cvtres.read.1.tlog
C:\FHWAC++\GPS_IMU_Simulator_v147\GPS_IMU_Simulator\Simulator\Simulator\Debug\link.5496-cvtres.write.1.tlog
C:\FHWAC++\GPS_IMU_Simulator_v147\GPS_IMU_Simulator\Simulator\Simulator\Debug\link.5496-rc.read.1.tlog
C:\FHWAC++\GPS_IMU_Simulator_v147\GPS_IMU_Simulator\Simulator\Simulator\Debug\link.5496-rc.write.1.tlog
C:\FHWAC++\GPS_IMU_Simulator_v147\GPS_IMU_Simulator\Simulator\Simulator\Debug\link.5496.read.1.tlog
C:\FHWAC++\GPS_IMU_Simulator_v147\GPS_IMU_Simulator\Simulator\Simulator\Debug\link.5496.write.1.tlog
C:\FHWAC++\GPS_IMU_Simulator_v147\GPS_IMU_Simulator\Simulator\Simulator\Debug\link.5508-cvtres.read.1.tlog
C:\FHWAC++\GPS_IMU_Simulator_v147\GPS_IMU_Simulator\Simulator\Simulator\Debug\link.5508-cvtres.write.1.tlog
C:\FHWAC++\GPS_IMU_Simulator_v147\GPS_IMU_Simulator\Simulator\Simulator\Debug\link.5508-rc.read.1.tlog
C:\FHWAC++\GPS_IMU_Simulator_v147\GPS_IMU_Simulator\Simulator\Simulator\Debug\link.5508-rc.write.1.tlog
C:\FHWAC++\GPS_IMU_Simulator_v147\GPS_IMU_Simulator\Simulator\Simulator\Debug\link.5508.read.1.tlog
C:\FHWAC++\GPS_IMU_Simulator_v147\GPS_IMU_Simulator\Simulator\Simulator\Debug\link.5508.write.1.tlog
C:\FHWAC++\GPS_IMU_Simulator_v147\GPS_IMU_Simulator\Simulator\Simulator\Debug\link.5616-cvtres.read.1.tlog
C:\FHWAC++\GPS_IMU_Simulator_v147\GPS_IMU_Simulator\Simulator\Simulator\Debug\link.5616-cvtres.write.1.tlog
C:\FHWAC++\GPS_IMU_Simulator_v147\GPS_IMU_Simulator\Simulator\Simulator\Debug\link.5616-rc.read.1.tlog
C:\FHWAC++\GPS_IMU_Simulator_v147\GPS_IMU_Simulator\Simulator\Simulator\Debug\link.5616-rc.write.1.tlog
C:\FHWAC++\GPS_IMU_Simulator_v147\GPS_IMU_Simulator\Simulator\Simulator\Debug\link.5616.read.1.tlog
C:\FHWAC++\GPS_IMU_Simulator_v147\GPS_IMU_Simulator\Simulator\Simulator\Debug\link.5616.write.1.tlog
C:\FHWAC++\GPS_IMU_Simulator_v147\GPS_IMU_Simulator\Simulator\Simulator\Debug\link.5656-cvtres.read.1.tlog
C:\FHWAC++\GPS_IMU_Simulator_v147\GPS_IMU_Simulator\Simulator\Simulator\Debug\link.5656-cvtres.write.1.tlog
C:\FHWAC++\GPS_IMU_Simulator_v147\GPS_IMU_Simulator\Simulator\Simulator\Debug\link.5656-rc.read.1.tlog
C:\FHWAC++\GPS_IMU_Simulator_v147\GPS_IMU_Simulator\Simulator\Simulator\Debug\link.5656-rc.write.1.tlog
C:\FHWAC++\GPS_IMU_Simulator_v147\GPS_IMU_Simulator\Simulator\Simulator\Debug\link.5656.read.1.tlog
C:\FHWAC++\GPS_IMU_Simulator_v147\GPS_IMU_Simulator\Simulator\Simulator\Debug\link.5656.write.1.tlog
C:\FHWAC++\GPS_IMU_Simulator_v147\GPS_IMU_Simulator\Simulator\Simulator\Debug\link.5676-cvtres.read.1.tlog
C:\FHWAC++\GPS_IMU_Simulator_v147\GPS_IMU_Simulator\Simulator\Simulator\Debug\link.5676-cvtres.write.1.tlog
C:\FHWAC++\GPS_IMU_Simulator_v147\GPS_IMU_Simulator\Simulator\Simulator\Debug\link.5676-rc.read.1.tlog
C:\FHWAC++\GPS_IMU_Simulator_v147\GPS_IMU_Simulator\Simulator\Simulator\Debug\link.5676-rc.write.1.tlog
C:\FHWAC++\GPS_IMU_Simulator_v147\GPS_IMU_Simulator\Simulator\Simulator\Debug\link.5676.read.1.tlog
C:\FHWAC++\GPS_IMU_Simulator_v147\GPS_IMU_Simulator\Simulator\Simulator\Debug\link.5676.write.1.tlog
C:\FHWAC++\GPS_IMU_Simulator_v147\GPS_IMU_Simulator\Simulator\Simulator\Debug\link.5744-cvtres.read.1.tlog
C:\FHWAC++\GPS_IMU_Simulator_v147\GPS_IMU_Simulator\Simulator\Simulator\Debug\link.5744-cvtres.write.1.tlog
C:\FHWAC++\GPS_IMU_Simulator_v147\GPS_IMU_Simulator\Simulator\Simulator\Debug\link.5744-rc.read.1.tlog
C:\FHWAC++\GPS_IMU_Simulator_v147\GPS_IMU_Simulator\Simulator\Simulator\Debug\link.5744-rc.write.1.tlog
C:\FHWAC++\GPS_IMU_Simulator_v147\GPS_IMU_Simulator\Simulator\Simulator\Debug\link.5744.read.1.tlog
C:\FHWAC++\GPS_IMU_Simulator_v147\GPS_IMU_Simulator\Simulator\Simulator\Debug\link.5744.write.1.tlog
C:\FHWAC++\GPS_IMU_Simulator_v147\GPS_IMU_Simulator\Simulator\Simulator\Debug\link.5776-cvtres.read.1.tlog
C:\FHWAC++\GPS_IMU_Simulator_v147\GPS_IMU_Simulator\Simulator\Simulator\Debug\link.5776-cvtres.write.1.tlog
C:\FHWAC++\GPS_IMU_Simulator_v147\GPS_IMU_Simulator\Simulator\Simulator\Debug\link.5776-rc.read.1.tlog
C:\FHWAC++\GPS_IMU_Simulator_v147\GPS_IMU_Simulator\Simulator\Simulator\Debug\link.5776-rc.write.1.tlog
C:\FHWAC++\GPS_IMU_Simulator_v147\GPS_IMU_Simulator\Simulator\Simulator\Debug\link.5776.read.1.tlog
C:\FHWAC++\GPS_IMU_Simulator_v147\GPS_IMU_Simulator\Simulator\Simulator\Debug\link.5776.write.1.tlog
C:\FHWAC++\GPS_IMU_Simulator_v147\GPS_IMU_Simulator\Simulator\Simulator\Debug\link.5788-cvtres.read.1.tlog
C:\FHWAC++\GPS_IMU_Simulator_v147\GPS_IMU_Simulator\Simulator\Simulator\Debug\link.5788-cvtres.write.1.tlog
C:\FHWAC++\GPS_IMU_Simulator_v147\GPS_IMU_Simulator\Simulator\Simulator\Debug\link.5788-rc.read.1.tlog
C:\FHWAC++\GPS_IMU_Simulator_v147\GPS_IMU_Simulator\Simulator\Simulator\Debug\link.5788-rc.write.1.tlog
C:\FHWAC++\GPS_IMU_Simulator_v147\GPS_IMU_Simulator\Simulator\Simulator\Debug\link.5788.read.1.tlog
C:\FHWAC++\GPS_IMU_Simulator_v147\GPS_IMU_Simulator\Simulator\Simulator\Debug\link.5788.write.1.tlog
C:\FHWAC++\GPS_IMU_Simulator_v147\GPS_IMU_Simulator\Simulator\Simulator\Debug\link.5872-cvtres.read.1.tlog
C:\FHWAC++\GPS_IMU_Simulator_v147\GPS_IMU_Simulator\Simulator\Simulator\Debug\link.5872-cvtres.write.1.tlog
C:\FHWAC++\GPS_IMU_Simulator_v147\GPS_IMU_Simulator\Simulator\Simulator\Debug\link.5872-rc.read.1.tlog
C:\FHWAC++\GPS_IMU_Simulator_v147\GPS_IMU_Simulator\Simulator\Simulator\Debug\link.5872-rc.write.1.tlog
C:\FHWAC++\GPS_IMU_Simulator_v147\GPS_IMU_Simulator\Simulator\Simulator\Debug\link.5872.read.1.tlog
C:\FHWAC++\GPS_IMU_Simulator_v147\GPS_IMU_Simulator\Simulator\Simulator\Debug\link.5872.write.1.tlog
C:\FHWAC++\GPS_IMU_Simulator_v147\GPS_IMU_Simulator\Simulator\Simulator\Debug\link.5976-cvtres.read.1.tlog
C:\FHWAC++\GPS_IMU_Simulator_v147\GPS_IMU_Simulator\Simulator\Simulator\Debug\link.5976-cvtres.write.1.tlog
C:\FHWAC++\GPS_IMU_Simulator_v147\GPS_IMU_Simulator\Simulator\Simulator\Debug\link.5976-rc.read.1.tlog
C:\FHWAC++\GPS_IMU_Simulator_v147\GPS_IMU_Simulator\Simulator\Simulator\Debug\link.5976-rc.write.1.tlog
C:\FHWAC++\GPS_IMU_Simulator_v147\GPS_IMU_Simulator\Simulator\Simulator\Debug\link.5976.read.1.tlog
C:\FHWAC++\GPS_IMU_Simulator_v147\GPS_IMU_Simulator\Simulator\Simulator\Debug\link.5976.write.1.tlog
C:\FHWAC++\GPS_IMU_Simulator_v147\GPS_IMU_Simulator\Simulator\Simulator\Debug\link.5996-cvtres.read.1.tlog
C:\FHWAC++\GPS_IMU_Simulator_v147\GPS_IMU_Simulator\Simulator\Simulator\Debug\link.5996-cvtres.write.1.tlog
C:\FHWAC++\GPS_IMU_Simulator_v147\GPS_IMU_Simulator\Simulator\Simulator\Debug\link.5996-rc.read.1.tlog
C:\FHWAC++\GPS_IMU_Simulator_v147\GPS_IMU_Simulator\Simulator\Simulator\Debug\link.5996-rc.write.1.tlog
C:\FHWAC++\GPS_IMU_Simulator_v147\GPS_IMU_Simulator\Simulator\Simulator\Debug\link.5996.read.1.tlog
C:\FHWAC++\GPS_IMU_Simulator_v147\GPS_IMU_Simulator\Simulator\Simulator\Debug\link.5996.write.1.tlog
C:\FHWAC++\GPS_IMU_Simulator_v147\GPS_IMU_Simulator\Simulator\Simulator\Debug\link.6012-cvtres.read.1.tlog
C:\FHWAC++\GPS_IMU_Simulator_v147\GPS_IMU_Simulator\Simulator\Simulator\Debug\link.6012-cvtres.write.1.tlog
C:\FHWAC++\GPS_IMU_Simulator_v147\GPS_IMU_Simulator\Simulator\Simulator\Debug\link.6012-rc.read.1.tlog
C:\FHWAC++\GPS_IMU_Simulator_v147\GPS_IMU_Simulator\Simulator\Simulator\Debug\link.6012-rc.write.1.tlog
C:\FHWAC++\GPS_IMU_Simulator_v147\GPS_IMU_Simulator\Simulator\Simulator\Debug\link.6012.read.1.tlog
C:\FHWAC++\GPS_IMU_Simulator_v147\GPS_IMU_Simulator\Simulator\Simulator\Debug\link.6012.write.1.tlog
C:\FHWAC++\GPS_IMU_Simulator_v147\GPS_IMU_Simulator\Simulator\Simulator\Debug\link.6048-cvtres.read.1.tlog
C:\FHWAC++\GPS_IMU_Simulator_v147\GPS_IMU_Simulator\Simulator\Simulator\Debug\link.6048-cvtres.write.1.tlog
C:\FHWAC++\GPS_IMU_Simulator_v147\GPS_IMU_Simulator\Simulator\Simulator\Debug\link.6048-rc.read.1.tlog
C:\FHWAC++\GPS_IMU_Simulator_v147\GPS_IMU_Simulator\Simulator\Simulator\Debug\link.6048-rc.write.1.tlog
C:\FHWAC++\GPS_IMU_Simulator_v147\GPS_IMU_Simulator\Simulator\Simulator\Debug\link.6048.read.1.tlog
C:\FHWAC++\GPS_IMU_Simulator_v147\GPS_IMU_Simulator\Simulator\Simulator\Debug\link.6048.write.1.tlog
C:\FHWAC++\GPS_IMU_Simulator_v147\GPS_IMU_Simulator\Simulator\Simulator\Debug\link.6112-cvtres.read.1.tlog
C:\FHWAC++\GPS_IMU_Simulator_v147\GPS_IMU_Simulator\Simulator\Simulator\Debug\link.6112-cvtres.write.1.tlog
C:\FHWAC++\GPS_IMU_Simulator_v147\GPS_IMU_Simulator\Simulator\Simulator\Debug\link.6112-rc.read.1.tlog
C:\FHWAC++\GPS_IMU_Simulator_v147\GPS_IMU_Simulator\Simulator\Simulator\Debug\link.6112-rc.write.1.tlog
C:\FHWAC++\GPS_IMU_Simulator_v147\GPS_IMU_Simulator\Simulator\Simulator\Debug\link.6112.read.1.tlog
C:\FHWAC++\GPS_IMU_Simulator_v147\GPS_IMU_Simulator\Simulator\Simulator\Debug\link.6112.write.1.tlog
C:\FHWAC++\GPS_IMU_Simulator_v147\GPS_IMU_Simulator\Simulator\Simulator\Debug\link.6132-cvtres.read.1.tlog
C:\FHWAC++\GPS_IMU_Simulator_v147\GPS_IMU_Simulator\Simulator\Simulator\Debug\link.6132-cvtres.write.1.tlog
C:\FHWAC++\GPS_IMU_Simulator_v147\GPS_IMU_Simulator\Simulator\Simulator\Debug\link.6132-rc.read.1.tlog
C:\FHWAC++\GPS_IMU_Simulator_v147\GPS_IMU_Simulator\Simulator\Simulator\Debug\link.6132-rc.write.1.tlog
C:\FHWAC++\GPS_IMU_Simulator_v147\GPS_IMU_Simulator\Simulator\Simulator\Debug\link.6132.read.1.tlog
C:\FHWAC++\GPS_IMU_Simulator_v147\GPS_IMU_Simulator\Simulator\Simulator\Debug\link.6132.write.1.tlog
C:\FHWAC++\GPS_IMU_Simulator_v147\GPS_IMU_Simulator\Simulator\Simulator\Debug\link.6172-cvtres.read.1.tlog
C:\FHWAC++\GPS_IMU_Simulator_v147\GPS_IMU_Simulator\Simulator\Simulator\Debug\link.6172-cvtres.write.1.tlog
C:\FHWAC++\GPS_IMU_Simulator_v147\GPS_IMU_Simulator\Simulator\Simulator\Debug\link.6172-rc.read.1.tlog
C:\FHWAC++\GPS_IMU_Simulator_v147\GPS_IMU_Simulator\Simulator\Simulator\Debug\link.6172-rc.write.1.tlog
C:\FHWAC++\GPS_IMU_Simulator_v147\GPS_IMU_Simulator\Simulator\Simulator\Debug\link.6172.read.1.tlog
C:\FHWAC++\GPS_IMU_Simulator_v147\GPS_IMU_Simulator\Simulator\Simulator\Debug\link.6172.write.1.tlog
C:\FHWAC++\GPS_IMU_Simulator_v147\GPS_IMU_Simulator\Simulator\Simulator\Debug\link.6260-cvtres.read.1.tlog
C:\FHWAC++\GPS_IMU_Simulator_v147\GPS_IMU_Simulator\Simulator\Simulator\Debug\link.6260-cvtres.write.1.tlog
C:\FHWAC++\GPS_IMU_Simulator_v147\GPS_IMU_Simulator\Simulator\Simulator\Debug\link.6260-rc.read.1.tlog
C:\FHWAC++\GPS_IMU_Simulator_v147\GPS_IMU_Simulator\Simulator\Simulator\Debug\link.6260-rc.write.1.tlog
C:\FHWAC++\GPS_IMU_Simulator_v147\GPS_IMU_Simulator\Simulator\Simulator\Debug\link.6260.read.1.tlog
C:\FHWAC++\GPS_IMU_Simulator_v147\GPS_IMU_Simulator\Simulator\Simulator\Debug\link.6260.write.1.tlog
C:\FHWAC++\GPS_IMU_Simulator_v147\GPS_IMU_Simulator\Simulator\Simulator\Debug\link.6296-cvtres.read.1.tlog
C:\FHWAC++\GPS_IMU_Simulator_v147\GPS_IMU_Simulator\Simulator\Simulator\Debug\link.6296-cvtres.write.1.tlog
C:\FHWAC++\GPS_IMU_Simulator_v147\GPS_IMU_Simulator\Simulator\Simulator\Debug\link.6296-rc.read.1.tlog
C:\FHWAC++\GPS_IMU_Simulator_v147\GPS_IMU_Simulator\Simulator\Simulator\Debug\link.6296-rc.write.1.tlog
C:\FHWAC++\GPS_IMU_Simulator_v147\GPS_IMU_Simulator\Simulator\Simulator\Debug\link.6296.read.1.tlog
C:\FHWAC++\GPS_IMU_Simulator_v147\GPS_IMU_Simulator\Simulator\Simulator\Debug\link.6296.write.1.tlog
C:\FHWAC++\GPS_IMU_Simulator_v147\GPS_IMU_Simulator\Simulator\Simulator\Debug\link.6324-cvtres.read.1.tlog
C:\FHWAC++\GPS_IMU_Simulator_v147\GPS_IMU_Simulator\Simulator\Simulator\Debug\link.6324-cvtres.write.1.tlog
C:\FHWAC++\GPS_IMU_Simulator_v147\GPS_IMU_Simulator\Simulator\Simulator\Debug\link.6324-rc.read.1.tlog
C:\FHWAC++\GPS_IMU_Simulator_v147\GPS_IMU_Simulator\Simulator\Simulator\Debug\link.6324-rc.write.1.tlog
C:\FHWAC++\GPS_IMU_Simulator_v147\GPS_IMU_Simulator\Simulator\Simulator\Debug\link.6324.read.1.tlog
C:\FHWAC++\GPS_IMU_Simulator_v147\GPS_IMU_Simulator\Simulator\Simulator\Debug\link.6324.write.1.tlog
C:\FHWAC++\GPS_IMU_Simulator_v147\GPS_IMU_Simulator\Simulator\Simulator\Debug\link.6332-cvtres.read.1.tlog
C:\FHWAC++\GPS_IMU_Simulator_v147\GPS_IMU_Simulator\Simulator\Simulator\Debug\link.6332-cvtres.write.1.tlog
C:\FHWAC++\GPS_IMU_Simulator_v147\GPS_IMU_Simulator\Simulator\Simulator\Debug\link.6332-rc.read.1.tlog
C:\FHWAC++\GPS_IMU_Simulator_v147\GPS_IMU_Simulator\Simulator\Simulator\Debug\link.6332-rc.write.1.tlog
C:\FHWAC++\GPS_IMU_Simulator_v147\GPS_IMU_Simulator\Simulator\Simulator\Debug\link.6332.read.1.tlog
C:\FHWAC++\GPS_IMU_Simulator_v147\GPS_IMU_Simulator\Simulator\Simulator\Debug\link.6332.write.1.tlog
C:\FHWAC++\GPS_IMU_Simulator_v147\GPS_IMU_Simulator\Simulator\Simulator\Debug\link.6360-cvtres.read.1.tlog
C:\FHWAC++\GPS_IMU_Simulator_v147\GPS_IMU_Simulator\Simulator\Simulator\Debug\link.6360-cvtres.write.1.tlog
C:\FHWAC++\GPS_IMU_Simulator_v147\GPS_IMU_Simulator\Simulator\Simulator\Debug\link.6360-rc.read.1.tlog
C:\FHWAC++\GPS_IMU_Simulator_v147\GPS_IMU_Simulator\Simulator\Simulator\Debug\link.6360-rc.write.1.tlog
C:\FHWAC++\GPS_IMU_Simulator_v147\GPS_IMU_Simulator\Simulator\Simulator\Debug\link.6360.read.1.tlog
C:\FHWAC++\GPS_IMU_Simulator_v147\GPS_IMU_Simulator\Simulator\Simulator\Debug\link.6360.write.1.tlog
C:\FHWAC++\GPS_IMU_Simulator_v147\GPS_IMU_Simulator\Simulator\Simulator\Debug\link.6412-cvtres.read.1.tlog
C:\FHWAC++\GPS_IMU_Simulator_v147\GPS_IMU_Simulator\Simulator\Simulator\Debug\link.6412-cvtres.write.1.tlog
C:\FHWAC++\GPS_IMU_Simulator_v147\GPS_IMU_Simulator\Simulator\Simulator\Debug\link.6412-rc.read.1.tlog
C:\FHWAC++\GPS_IMU_Simulator_v147\GPS_IMU_Simulator\Simulator\Simulator\Debug\link.6412-rc.write.1.tlog
C:\FHWAC++\GPS_IMU_Simulator_v147\GPS_IMU_Simulator\Simulator\Simulator\Debug\link.6412.read.1.tlog
C:\FHWAC++\GPS_IMU_Simulator_v147\GPS_IMU_Simulator\Simulator\Simulator\Debug\link.6412.write.1.tlog
C:\FHWAC++\GPS_IMU_Simulator_v147\GPS_IMU_Simulator\Simulator\Simulator\Debug\link.6444-cvtres.read.1.tlog
C:\FHWAC++\GPS_IMU_Simulator_v147\GPS_IMU_Simulator\Simulator\Simulator\Debug\link.6444-cvtres.write.1.tlog
C:\FHWAC++\GPS_IMU_Simulator_v147\GPS_IMU_Simulator\Simulator\Simulator\Debug\link.6444-rc.read.1.tlog
C:\FHWAC++\GPS_IMU_Simulator_v147\GPS_IMU_Simulator\Simulator\Simulator\Debug\link.6444-rc.write.1.tlog
C:\FHWAC++\GPS_IMU_Simulator_v147\GPS_IMU_Simulator\Simulator\Simulator\Debug\link.6444.read.1.tlog
C:\FHWAC++\GPS_IMU_Simulator_v147\GPS_IMU_Simulator\Simulator\Simulator\Debug\link.6444.write.1.tlog
C:\FHWAC++\GPS_IMU_Simulator_v147\GPS_IMU_Simulator\Simulator\Simulator\Debug\link.6552-cvtres.read.1.tlog
C:\FHWAC++\GPS_IMU_Simulator_v147\GPS_IMU_Simulator\Simulator\Simulator\Debug\link.6552-cvtres.write.1.tlog
C:\FHWAC++\GPS_IMU_Simulator_v147\GPS_IMU_Simulator\Simulator\Simulator\Debug\link.6552-rc.read.1.tlog
C:\FHWAC++\GPS_IMU_Simulator_v147\GPS_IMU_Simulator\Simulator\Simulator\Debug\link.6552-rc.write.1.tlog
C:\FHWAC++\GPS_IMU_Simulator_v147\GPS_IMU_Simulator\Simulator\Simulator\Debug\link.6552.read.1.tlog
C:\FHWAC++\GPS_IMU_Simulator_v147\GPS_IMU_Simulator\Simulator\Simulator\Debug\link.6552.write.1.tlog
C:\FHWAC++\GPS_IMU_Simulator_v147\GPS_IMU_Simulator\Simulator\Simulator\Debug\link.6588-cvtres.read.1.tlog
C:\FHWAC++\GPS_IMU_Simulator_v147\GPS_IMU_Simulator\Simulator\Simulator\Debug\link.6588-cvtres.write.1.tlog
C:\FHWAC++\GPS_IMU_Simulator_v147\GPS_IMU_Simulator\Simulator\Simulator\Debug\link.6588-rc.read.1.tlog
C:\FHWAC++\GPS_IMU_Simulator_v147\GPS_IMU_Simulator\Simulator\Simulator\Debug\link.6588-rc.write.1.tlog
C:\FHWAC++\GPS_IMU_Simulator_v147\GPS_IMU_Simulator\Simulator\Simulator\Debug\link.6588.read.1.tlog
C:\FHWAC++\GPS_IMU_Simulator_v147\GPS_IMU_Simulator\Simulator\Simulator\Debug\link.6588.write.1.tlog
C:\FHWAC++\GPS_IMU_Simulator_v147\GPS_IMU_Simulator\Simulator\Simulator\Debug\link.6624-cvtres.read.1.tlog
C:\FHWAC++\GPS_IMU_Simulator_v147\GPS_IMU_Simulator\Simulator\Simulator\Debug\link.6624-cvtres.write.1.tlog
C:\FHWAC++\GPS_IMU_Simulator_v147\GPS_IMU_Simulator\Simulator\Simulator\Debug\link.6624-rc.read.1.tlog
C:\FHWAC++\GPS_IMU_Simulator_v147\GPS_IMU_Simulator\Simulator\Simulator\Debug\link.6624-rc.write.1.tlog
C:\FHWAC++\GPS_IMU_Simulator_v147\GPS_IMU_Simulator\Simulator\Simulator\Debug\link.6624.read.1.tlog
C:\FHWAC++\GPS_IMU_Simulator_v147\GPS_IMU_Simulator\Simulator\Simulator\Debug\link.6624.write.1.tlog
C:\FHWAC++\GPS_IMU_Simulator_v147\GPS_IMU_Simulator\Simulator\Simulator\Debug\link.6700-cvtres.read.1.tlog
C:\FHWAC++\GPS_IMU_Simulator_v147\GPS_IMU_Simulator\Simulator\Simulator\Debug\link.6700-cvtres.write.1.tlog
C:\FHWAC++\GPS_IMU_Simulator_v147\GPS_IMU_Simulator\Simulator\Simulator\Debug\link.6700-rc.read.1.tlog
C:\FHWAC++\GPS_IMU_Simulator_v147\GPS_IMU_Simulator\Simulator\Simulator\Debug\link.6700-rc.write.1.tlog
C:\FHWAC++\GPS_IMU_Simulator_v147\GPS_IMU_Simulator\Simulator\Simulator\Debug\link.6700.read.1.tlog
C:\FHWAC++\GPS_IMU_Simulator_v147\GPS_IMU_Simulator\Simulator\Simulator\Debug\link.6700.write.1.tlog
C:\FHWAC++\GPS_IMU_Simulator_v147\GPS_IMU_Simulator\Simulator\Simulator\Debug\link.6732-cvtres.read.1.tlog
C:\FHWAC++\GPS_IMU_Simulator_v147\GPS_IMU_Simulator\Simulator\Simulator\Debug\link.6732-cvtres.write.1.tlog
C:\FHWAC++\GPS_IMU_Simulator_v147\GPS_IMU_Simulator\Simulator\Simulator\Debug\link.6732-rc.read.1.tlog
C:\FHWAC++\GPS_IMU_Simulator_v147\GPS_IMU_Simulator\Simulator\Simulator\Debug\link.6732-rc.write.1.tlog
C:\FHWAC++\GPS_IMU_Simulator_v147\GPS_IMU_Simulator\Simulator\Simulator\Debug\link.6732.read.1.tlog
C:\FHWAC++\GPS_IMU_Simulator_v147\GPS_IMU_Simulator\Simulator\Simulator\Debug\link.6732.write.1.tlog
C:\FHWAC++\GPS_IMU_Simulator_v147\GPS_IMU_Simulator\Simulator\Simulator\Debug\link.6740-cvtres.read.1.tlog
C:\FHWAC++\GPS_IMU_Simulator_v147\GPS_IMU_Simulator\Simulator\Simulator\Debug\link.6740-cvtres.write.1.tlog
C:\FHWAC++\GPS_IMU_Simulator_v147\GPS_IMU_Simulator\Simulator\Simulator\Debug\link.6740-rc.read.1.tlog
C:\FHWAC++\GPS_IMU_Simulator_v147\GPS_IMU_Simulator\Simulator\Simulator\Debug\link.6740-rc.write.1.tlog
C:\FHWAC++\GPS_IMU_Simulator_v147\GPS_IMU_Simulator\Simulator\Simulator\Debug\link.6740.read.1.tlog
C:\FHWAC++\GPS_IMU_Simulator_v147\GPS_IMU_Simulator\Simulator\Simulator\Debug\link.6740.write.1.tlog
C:\FHWAC++\GPS_IMU_Simulator_v147\GPS_IMU_Simulator\Simulator\Simulator\Debug\link.6756-cvtres.read.1.tlog
C:\FHWAC++\GPS_IMU_Simulator_v147\GPS_IMU_Simulator\Simulator\Simulator\Debug\link.6756-cvtres.write.1.tlog
C:\FHWAC++\GPS_IMU_Simulator_v147\GPS_IMU_Simulator\Simulator\Simulator\Debug\link.6756-rc.read.1.tlog
C:\FHWAC++\GPS_IMU_Simulator_v147\GPS_IMU_Simulator\Simulator\Simulator\Debug\link.6756-rc.write.1.tlog
C:\FHWAC++\GPS_IMU_Simulator_v147\GPS_IMU_Simulator\Simulator\Simulator\Debug\link.6756.read.1.tlog
C:\FHWAC++\GPS_IMU_Simulator_v147\GPS_IMU_Simulator\Simulator\Simulator\Debug\link.6756.write.1.tlog
C:\FHWAC++\GPS_IMU_Simulator_v147\GPS_IMU_Simulator\Simulator\Simulator\Debug\link.6820-cvtres.read.1.tlog
C:\FHWAC++\GPS_IMU_Simulator_v147\GPS_IMU_Simulator\Simulator\Simulator\Debug\link.6820-cvtres.write.1.tlog
C:\FHWAC++\GPS_IMU_Simulator_v147\GPS_IMU_Simulator\Simulator\Simulator\Debug\link.6820-rc.read.1.tlog
C:\FHWAC++\GPS_IMU_Simulator_v147\GPS_IMU_Simulator\Simulator\Simulator\Debug\link.6820-rc.write.1.tlog
C:\FHWAC++\GPS_IMU_Simulator_v147\GPS_IMU_Simulator\Simulator\Simulator\Debug\link.6820.read.1.tlog
C:\FHWAC++\GPS_IMU_Simulator_v147\GPS_IMU_Simulator\Simulator\Simulator\Debug\link.6820.write.1.tlog
C:\FHWAC++\GPS_IMU_Simulator_v147\GPS_IMU_Simulator\Simulator\Simulator\Debug\link.6836-cvtres.read.1.tlog
C:\FHWAC++\GPS_IMU_Simulator_v147\GPS_IMU_Simulator\Simulator\Simulator\Debug\link.6836-cvtres.write.1.tlog
C:\FHWAC++\GPS_IMU_Simulator_v147\GPS_IMU_Simulator\Simulator\Simulator\Debug\link.6836-rc.read.1.tlog
C:\FHWAC++\GPS_IMU_Simulator_v147\GPS_IMU_Simulator\Simulator\Simulator\Debug\link.6836-rc.write.1.tlog
C:\FHWAC++\GPS_IMU_Simulator_v147\GPS_IMU_Simulator\Simulator\Simulator\Debug\link.6836.read.1.tlog
C:\FHWAC++\GPS_IMU_Simulator_v147\GPS_IMU_Simulator\Simulator\Simulator\Debug\link.6836.write.1.tlog
C:\FHWAC++\GPS_IMU_Simulator_v147\GPS_IMU_Simulator\Simulator\Simulator\Debug\link.6844-cvtres.read.1.tlog
C:\FHWAC++\GPS_IMU_Simulator_v147\GPS_IMU_Simulator\Simulator\Simulator\Debug\link.6844-cvtres.write.1.tlog
C:\FHWAC++\GPS_IMU_Simulator_v147\GPS_IMU_Simulator\Simulator\Simulator\Debug\link.6844-rc.read.1.tlog
C:\FHWAC++\GPS_IMU_Simulator_v147\GPS_IMU_Simulator\Simulator\Simulator\Debug\link.6844-rc.write.1.tlog
C:\FHWAC++\GPS_IMU_Simulator_v147\GPS_IMU_Simulator\Simulator\Simulator\Debug\link.6844.read.1.tlog
C:\FHWAC++\GPS_IMU_Simulator_v147\GPS_IMU_Simulator\Simulator\Simulator\Debug\link.6844.write.1.tlog
C:\FHWAC++\GPS_IMU_Simulator_v147\GPS_IMU_Simulator\Simulator\Simulator\Debug\link.6848-cvtres.read.1.tlog
C:\FHWAC++\GPS_IMU_Simulator_v147\GPS_IMU_Simulator\Simulator\Simulator\Debug\link.6848-cvtres.write.1.tlog
C:\FHWAC++\GPS_IMU_Simulator_v147\GPS_IMU_Simulator\Simulator\Simulator\Debug\link.6848-rc.read.1.tlog
C:\FHWAC++\GPS_IMU_Simulator_v147\GPS_IMU_Simulator\Simulator\Simulator\Debug\link.6848-rc.write.1.tlog
C:\FHWAC++\GPS_IMU_Simulator_v147\GPS_IMU_Simulator\Simulator\Simulator\Debug\link.6848.read.1.tlog
C:\FHWAC++\GPS_IMU_Simulator_v147\GPS_IMU_Simulator\Simulator\Simulator\Debug\link.6848.write.1.tlog
C:\FHWAC++\GPS_IMU_Simulator_v147\GPS_IMU_Simulator\Simulator\Simulator\Debug\link.6912-cvtres.read.1.tlog
C:\FHWAC++\GPS_IMU_Simulator_v147\GPS_IMU_Simulator\Simulator\Simulator\Debug\link.6912-cvtres.write.1.tlog
C:\FHWAC++\GPS_IMU_Simulator_v147\GPS_IMU_Simulator\Simulator\Simulator\Debug\link.6912-rc.read.1.tlog
C:\FHWAC++\GPS_IMU_Simulator_v147\GPS_IMU_Simulator\Simulator\Simulator\Debug\link.6912-rc.write.1.tlog
C:\FHWAC++\GPS_IMU_Simulator_v147\GPS_IMU_Simulator\Simulator\Simulator\Debug\link.6912.read.1.tlog
C:\FHWAC++\GPS_IMU_Simulator_v147\GPS_IMU_Simulator\Simulator\Simulator\Debug\link.6912.write.1.tlog
C:\FHWAC++\GPS_IMU_Simulator_v147\GPS_IMU_Simulator\Simulator\Simulator\Debug\link.6924-cvtres.read.1.tlog
C:\FHWAC++\GPS_IMU_Simulator_v147\GPS_IMU_Simulator\Simulator\Simulator\Debug\link.6924-cvtres.write.1.tlog
C:\FHWAC++\GPS_IMU_Simulator_v147\GPS_IMU_Simulator\Simulator\Simulator\Debug\link.6924-rc.read.1.tlog
C:\FHWAC++\GPS_IMU_Simulator_v147\GPS_IMU_Simulator\Simulator\Simulator\Debug\link.6924-rc.write.1.tlog
C:\FHWAC++\GPS_IMU_Simulator_v147\GPS_IMU_Simulator\Simulator\Simulator\Debug\link.6924.read.1.tlog
C:\FHWAC++\GPS_IMU_Simulator_v147\GPS_IMU_Simulator\Simulator\Simulator\Debug\link.6924.write.1.tlog
C:\FHWAC++\GPS_IMU_Simulator_v147\GPS_IMU_Simulator\Simulator\Simulator\Debug\link.7052-cvtres.read.1.tlog
C:\FHWAC++\GPS_IMU_Simulator_v147\GPS_IMU_Simulator\Simulator\Simulator\Debug\link.7052-cvtres.write.1.tlog
C:\FHWAC++\GPS_IMU_Simulator_v147\GPS_IMU_Simulator\Simulator\Simulator\Debug\link.7052-rc.read.1.tlog
C:\FHWAC++\GPS_IMU_Simulator_v147\GPS_IMU_Simulator\Simulator\Simulator\Debug\link.7052-rc.write.1.tlog
C:\FHWAC++\GPS_IMU_Simulator_v147\GPS_IMU_Simulator\Simulator\Simulator\Debug\link.7052.read.1.tlog
C:\FHWAC++\GPS_IMU_Simulator_v147\GPS_IMU_Simulator\Simulator\Simulator\Debug\link.7052.write.1.tlog
C:\FHWAC++\GPS_IMU_Simulator_v147\GPS_IMU_Simulator\Simulator\Simulator\Debug\link.7096-cvtres.read.1.tlog
C:\FHWAC++\GPS_IMU_Simulator_v147\GPS_IMU_Simulator\Simulator\Simulator\Debug\link.7096-cvtres.write.1.tlog
C:\FHWAC++\GPS_IMU_Simulator_v147\GPS_IMU_Simulator\Simulator\Simulator\Debug\link.7096-rc.read.1.tlog
C:\FHWAC++\GPS_IMU_Simulator_v147\GPS_IMU_Simulator\Simulator\Simulator\Debug\link.7096-rc.write.1.tlog
C:\FHWAC++\GPS_IMU_Simulator_v147\GPS_IMU_Simulator\Simulator\Simulator\Debug\link.7096.read.1.tlog
C:\FHWAC++\GPS_IMU_Simulator_v147\GPS_IMU_Simulator\Simulator\Simulator\Debug\link.7096.write.1.tlog
C:\FHWAC++\GPS_IMU_Simulator_v147\GPS_IMU_Simulator\Simulator\Simulator\Debug\link.7164-cvtres.read.1.tlog
C:\FHWAC++\GPS_IMU_Simulator_v147\GPS_IMU_Simulator\Simulator\Simulator\Debug\link.7164-cvtres.write.1.tlog
C:\FHWAC++\GPS_IMU_Simulator_v147\GPS_IMU_Simulator\Simulator\Simulator\Debug\link.7164-rc.read.1.tlog
C:\FHWAC++\GPS_IMU_Simulator_v147\GPS_IMU_Simulator\Simulator\Simulator\Debug\link.7164-rc.write.1.tlog
C:\FHWAC++\GPS_IMU_Simulator_v147\GPS_IMU_Simulator\Simulator\Simulator\Debug\link.7164.read.1.tlog
C:\FHWAC++\GPS_IMU_Simulator_v147\GPS_IMU_Simulator\Simulator\Simulator\Debug\link.7164.write.1.tlog
C:\FHWAC++\GPS_IMU_Simulator_v147\GPS_IMU_Simulator\Simulator\Simulator\Debug\link.792-cvtres.read.1.tlog
C:\FHWAC++\GPS_IMU_Simulator_v147\GPS_IMU_Simulator\Simulator\Simulator\Debug\link.792-cvtres.write.1.tlog
C:\FHWAC++\GPS_IMU_Simulator_v147\GPS_IMU_Simulator\Simulator\Simulator\Debug\link.792-rc.read.1.tlog
C:\FHWAC++\GPS_IMU_Simulator_v147\GPS_IMU_Simulator\Simulator\Simulator\Debug\link.792-rc.write.1.tlog
C:\FHWAC++\GPS_IMU_Simulator_v147\GPS_IMU_Simulator\Simulator\Simulator\Debug\link.792.read.1.tlog
C:\FHWAC++\GPS_IMU_Simulator_v147\GPS_IMU_Simulator\Simulator\Simulator\Debug\link.792.write.1.tlog
C:\FHWAC++\GPS_IMU_Simulator_v147\GPS_IMU_Simulator\Simulator\Simulator\Debug\link.888-cvtres.read.1.tlog
C:\FHWAC++\GPS_IMU_Simulator_v147\GPS_IMU_Simulator\Simulator\Simulator\Debug\link.888-cvtres.write.1.tlog
C:\FHWAC++\GPS_IMU_Simulator_v147\GPS_IMU_Simulator\Simulator\Simulator\Debug\link.888-rc.read.1.tlog
C:\FHWAC++\GPS_IMU_Simulator_v147\GPS_IMU_Simulator\Simulator\Simulator\Debug\link.888-rc.write.1.tlog
C:\FHWAC++\GPS_IMU_Simulator_v147\GPS_IMU_Simulator\Simulator\Simulator\Debug\link.888.read.1.tlog
C:\FHWAC++\GPS_IMU_Simulator_v147\GPS_IMU_Simulator\Simulator\Simulator\Debug\link.888.write.1.tlog
C:\FHWAC++\GPS_IMU_Simulator_v147\GPS_IMU_Simulator\Simulator\Simulator\Debug\link.command.1.tlog
C:\FHWAC++\GPS_IMU_Simulator_v147\GPS_IMU_Simulator\Simulator\Simulator\Debug\link.read.1.tlog
C:\FHWAC++\GPS_IMU_Simulator_v147\GPS_IMU_Simulator\Simulator\Simulator\Debug\link.write.1.tlog
C:\FHWAC++\GPS_IMU_Simulator_v147\GPS_IMU_Simulator\Simulator\Simulator\Debug\metagen.read.1.tlog
C:\FHWAC++\GPS_IMU_Simulator_v147\GPS_IMU_Simulator\Simulator\Simulator\Debug\metagen.write.1.tlog
C:\FHWAC++\GPS_IMU_Simulator_v147\GPS_IMU_Simulator\Simulator\Simulator\Debug\vc110.pdb
C:\FHWAC++\GPS_IMU_Simulator_v147\GPS_IMU_Simulator\Simulator\Simulator\Debug\RSAENH.DLL.bi
C:\FHWAC++\GPS_IMU_Simulator_v147\GPS_IMU_Simulator\Simulator\Simulator\Debug\TZRES.DLL.bi
C:\FHWAC++\GPS_IMU_Simulator_v147\GPS_IMU_Simulator\Simulator\Debug\Simulator.pdb
C:\FHWAC++\GPS_IMU_Simulator_v147\GPS_IMU_Simulator\Simulator\Debug\Simulator.exe
C:\FHWAC++\GPS_IMU_Simulator_v147\GPS_IMU_Simulator\Simulator\Debug\Simulator.ilk
